{"A:\\Fazztrack\\week12\\app.js":{"path":"A:\\Fazztrack\\week12\\app.js","statementMap":{"0":{"start":{"line":1,"column":16},"end":{"line":1,"column":34}},"1":{"start":{"line":2,"column":19},"end":{"line":2,"column":41}},"2":{"start":{"line":3,"column":13},"end":{"line":3,"column":28}},"3":{"start":{"line":4,"column":20},"end":{"line":4,"column":50}},"4":{"start":{"line":5,"column":23},"end":{"line":5,"column":56}},"5":{"start":{"line":6,"column":23},"end":{"line":6,"column":56}},"6":{"start":{"line":7,"column":24},"end":{"line":7,"column":64}},"7":{"start":{"line":8,"column":24},"end":{"line":8,"column":65}},"8":{"start":{"line":9,"column":14},"end":{"line":9,"column":30}},"9":{"start":{"line":11,"column":12},"end":{"line":11,"column":21}},"10":{"start":{"line":12,"column":0},"end":{"line":12,"column":16}},"11":{"start":{"line":13,"column":0},"end":{"line":13,"column":27}},"12":{"start":{"line":14,"column":0},"end":{"line":14,"column":21}},"13":{"start":{"line":15,"column":0},"end":{"line":15,"column":24}},"14":{"start":{"line":16,"column":0},"end":{"line":16,"column":24}},"15":{"start":{"line":17,"column":0},"end":{"line":17,"column":25}},"16":{"start":{"line":18,"column":0},"end":{"line":18,"column":25}},"17":{"start":{"line":20,"column":0},"end":{"line":23,"column":3}},"18":{"start":{"line":22,"column":2},"end":{"line":22,"column":46}},"19":{"start":{"line":25,"column":15},"end":{"line":28,"column":2}},"20":{"start":{"line":29,"column":0},"end":{"line":31,"column":3}},"21":{"start":{"line":30,"column":2},"end":{"line":30,"column":19}},"22":{"start":{"line":33,"column":0},"end":{"line":33,"column":20}}},"fnMap":{"0":{"name":"(anonymous_0)","decl":{"start":{"line":20,"column":17},"end":{"line":20,"column":18}},"loc":{"start":{"line":20,"column":23},"end":{"line":23,"column":1}},"line":20},"1":{"name":"(anonymous_1)","decl":{"start":{"line":29,"column":19},"end":{"line":29,"column":20}},"loc":{"start":{"line":29,"column":28},"end":{"line":31,"column":1}},"line":29}},"branchMap":{},"s":{"0":1,"1":1,"2":1,"3":1,"4":1,"5":1,"6":1,"7":1,"8":1,"9":1,"10":1,"11":1,"12":1,"13":1,"14":1,"15":1,"16":1,"17":1,"18":1,"19":1,"20":1,"21":0,"22":1},"f":{"0":1,"1":0},"b":{},"_coverageSchema":"1a1c01bbd47fc00a2c39e90264f33305004495a9","hash":"e37b82ef46a23e1aa1d5acb755ac6b00f73b1354","contentHash":"2c7020914b50929864f3b69fd76852781a7dba996f3f38b7f9ca723a0fe3f2a0"},"A:\\Fazztrack\\week12\\src\\routers\\users.js":{"path":"A:\\Fazztrack\\week12\\src\\routers\\users.js","statementMap":{"0":{"start":{"line":1,"column":16},"end":{"line":1,"column":34}},"1":{"start":{"line":4,"column":4},"end":{"line":4,"column":35}},"2":{"start":{"line":7,"column":23},"end":{"line":7,"column":59}},"3":{"start":{"line":8,"column":22},"end":{"line":8,"column":57}},"4":{"start":{"line":9,"column":15},"end":{"line":9,"column":43}},"5":{"start":{"line":12,"column":20},"end":{"line":12,"column":36}},"6":{"start":{"line":14,"column":0},"end":{"line":20,"column":33}},"7":{"start":{"line":22,"column":0},"end":{"line":22,"column":29}}},"fnMap":{},"branchMap":{},"s":{"0":1,"1":1,"2":1,"3":1,"4":1,"5":1,"6":1,"7":1},"f":{},"b":{},"_coverageSchema":"1a1c01bbd47fc00a2c39e90264f33305004495a9","hash":"24bd3b5cf52a136b958d4fb4250abdd167ae2817","contentHash":"eeca7c93221e1190021485239cb1d76713c1d24b24d863a5b7c66c34a1169999"},"A:\\Fazztrack\\week12\\src\\controllers\\users.js":{"path":"A:\\Fazztrack\\week12\\src\\controllers\\users.js","statementMap":{"0":{"start":{"line":1,"column":15},"end":{"line":1,"column":32}},"1":{"start":{"line":2,"column":19},"end":{"line":2,"column":50}},"2":{"start":{"line":3,"column":20},"end":{"line":3,"column":47}},"3":{"start":{"line":4,"column":10},"end":{"line":4,"column":27}},"4":{"start":{"line":5,"column":14},"end":{"line":5,"column":30}},"5":{"start":{"line":6,"column":11},"end":{"line":6,"column":24}},"6":{"start":{"line":7,"column":15},"end":{"line":10,"column":2}},"7":{"start":{"line":11,"column":42},"end":{"line":11,"column":72}},"8":{"start":{"line":14,"column":14},"end":{"line":235,"column":1}},"9":{"start":{"line":16,"column":4},"end":{"line":59,"column":5}},"10":{"start":{"line":17,"column":24},"end":{"line":17,"column":27}},"11":{"start":{"line":18,"column":21},"end":{"line":18,"column":67}},"12":{"start":{"line":19,"column":20},"end":{"line":19,"column":66}},"13":{"start":{"line":20,"column":23},"end":{"line":20,"column":68}},"14":{"start":{"line":21,"column":20},"end":{"line":21,"column":64}},"15":{"start":{"line":22,"column":19},"end":{"line":22,"column":60}},"16":{"start":{"line":23,"column":21},"end":{"line":23,"column":56}},"17":{"start":{"line":24,"column":6},"end":{"line":55,"column":9}},"18":{"start":{"line":25,"column":8},"end":{"line":54,"column":9}},"19":{"start":{"line":26,"column":10},"end":{"line":26,"column":32}},"20":{"start":{"line":27,"column":15},"end":{"line":54,"column":9}},"21":{"start":{"line":28,"column":10},"end":{"line":42,"column":15}},"22":{"start":{"line":31,"column":30},"end":{"line":31,"column":59}},"23":{"start":{"line":32,"column":31},"end":{"line":36,"column":15}},"24":{"start":{"line":37,"column":14},"end":{"line":37,"column":64}},"25":{"start":{"line":38,"column":14},"end":{"line":38,"column":74}},"26":{"start":{"line":41,"column":14},"end":{"line":41,"column":48}},"27":{"start":{"line":44,"column":27},"end":{"line":44,"column":45}},"28":{"start":{"line":45,"column":29},"end":{"line":47,"column":11}},"29":{"start":{"line":46,"column":12},"end":{"line":46,"column":36}},"30":{"start":{"line":48,"column":28},"end":{"line":48,"column":71}},"31":{"start":{"line":49,"column":25},"end":{"line":52,"column":11}},"32":{"start":{"line":53,"column":10},"end":{"line":53,"column":42}},"33":{"start":{"line":57,"column":6},"end":{"line":57,"column":42}},"34":{"start":{"line":62,"column":4},"end":{"line":75,"column":5}},"35":{"start":{"line":63,"column":21},"end":{"line":63,"column":31}},"36":{"start":{"line":64,"column":6},"end":{"line":72,"column":11}},"37":{"start":{"line":67,"column":10},"end":{"line":67,"column":30}},"38":{"start":{"line":68,"column":10},"end":{"line":68,"column":71}},"39":{"start":{"line":71,"column":10},"end":{"line":71,"column":44}},"40":{"start":{"line":74,"column":6},"end":{"line":74,"column":42}},"41":{"start":{"line":78,"column":4},"end":{"line":125,"column":5}},"42":{"start":{"line":79,"column":23},"end":{"line":79,"column":26}},"43":{"start":{"line":80,"column":6},"end":{"line":121,"column":11}},"44":{"start":{"line":83,"column":10},"end":{"line":116,"column":11}},"45":{"start":{"line":84,"column":12},"end":{"line":113,"column":15}},"46":{"start":{"line":85,"column":14},"end":{"line":112,"column":15}},"47":{"start":{"line":86,"column":16},"end":{"line":86,"column":50}},"48":{"start":{"line":89,"column":29},"end":{"line":101,"column":17}},"49":{"start":{"line":102,"column":16},"end":{"line":111,"column":21}},"50":{"start":{"line":105,"column":20},"end":{"line":105,"column":40}},"51":{"start":{"line":106,"column":20},"end":{"line":106,"column":76}},"52":{"start":{"line":110,"column":20},"end":{"line":110,"column":71}},"53":{"start":{"line":115,"column":12},"end":{"line":115,"column":65}},"54":{"start":{"line":119,"column":10},"end":{"line":119,"column":46}},"55":{"start":{"line":123,"column":6},"end":{"line":123,"column":42}},"56":{"start":{"line":128,"column":4},"end":{"line":177,"column":5}},"57":{"start":{"line":129,"column":21},"end":{"line":129,"column":31}},"58":{"start":{"line":130,"column":23},"end":{"line":130,"column":26}},"59":{"start":{"line":131,"column":6},"end":{"line":174,"column":8}},"60":{"start":{"line":132,"column":8},"end":{"line":132,"column":28}},"61":{"start":{"line":133,"column":10},"end":{"line":169,"column":13}},"62":{"start":{"line":134,"column":12},"end":{"line":168,"column":13}},"63":{"start":{"line":135,"column":14},"end":{"line":135,"column":48}},"64":{"start":{"line":137,"column":27},"end":{"line":149,"column":15}},"65":{"start":{"line":150,"column":14},"end":{"line":167,"column":19}},"66":{"start":{"line":153,"column":18},"end":{"line":161,"column":21}},"67":{"start":{"line":154,"column":20},"end":{"line":160,"column":21}},"68":{"start":{"line":155,"column":22},"end":{"line":155,"column":56}},"69":{"start":{"line":157,"column":22},"end":{"line":157,"column":42}},"70":{"start":{"line":159,"column":22},"end":{"line":159,"column":64}},"71":{"start":{"line":166,"column":18},"end":{"line":166,"column":54}},"72":{"start":{"line":173,"column":8},"end":{"line":173,"column":42}},"73":{"start":{"line":176,"column":6},"end":{"line":176,"column":30}},"74":{"start":{"line":180,"column":4},"end":{"line":207,"column":5}},"75":{"start":{"line":181,"column":21},"end":{"line":181,"column":31}},"76":{"start":{"line":182,"column":6},"end":{"line":204,"column":8}},"77":{"start":{"line":183,"column":8},"end":{"line":203,"column":9}},"78":{"start":{"line":184,"column":10},"end":{"line":184,"column":65}},"79":{"start":{"line":186,"column":10},"end":{"line":201,"column":13}},"80":{"start":{"line":189,"column":12},"end":{"line":196,"column":15}},"81":{"start":{"line":190,"column":14},"end":{"line":195,"column":15}},"82":{"start":{"line":191,"column":16},"end":{"line":191,"column":50}},"83":{"start":{"line":193,"column":16},"end":{"line":193,"column":36}},"84":{"start":{"line":194,"column":16},"end":{"line":194,"column":70}},"85":{"start":{"line":200,"column":12},"end":{"line":200,"column":48}},"86":{"start":{"line":206,"column":6},"end":{"line":206,"column":30}},"87":{"start":{"line":210,"column":4},"end":{"line":233,"column":5}},"88":{"start":{"line":211,"column":23},"end":{"line":211,"column":26}},"89":{"start":{"line":212,"column":6},"end":{"line":230,"column":11}},"90":{"start":{"line":215,"column":25},"end":{"line":215,"column":48}},"91":{"start":{"line":216,"column":12},"end":{"line":224,"column":15}},"92":{"start":{"line":217,"column":14},"end":{"line":223,"column":15}},"93":{"start":{"line":218,"column":16},"end":{"line":218,"column":50}},"94":{"start":{"line":219,"column":21},"end":{"line":223,"column":15}},"95":{"start":{"line":220,"column":16},"end":{"line":220,"column":59}},"96":{"start":{"line":222,"column":16},"end":{"line":222,"column":63}},"97":{"start":{"line":228,"column":10},"end":{"line":228,"column":55}},"98":{"start":{"line":232,"column":6},"end":{"line":232,"column":42}},"99":{"start":{"line":237,"column":0},"end":{"line":237,"column":23}}},"fnMap":{"0":{"name":"(anonymous_0)","decl":{"start":{"line":15,"column":11},"end":{"line":15,"column":12}},"loc":{"start":{"line":15,"column":25},"end":{"line":60,"column":3}},"line":15},"1":{"name":"(anonymous_1)","decl":{"start":{"line":24,"column":26},"end":{"line":24,"column":27}},"loc":{"start":{"line":24,"column":43},"end":{"line":55,"column":7}},"line":24},"2":{"name":"(anonymous_2)","decl":{"start":{"line":30,"column":18},"end":{"line":30,"column":19}},"loc":{"start":{"line":30,"column":36},"end":{"line":39,"column":13}},"line":30},"3":{"name":"(anonymous_3)","decl":{"start":{"line":40,"column":19},"end":{"line":40,"column":20}},"loc":{"start":{"line":40,"column":28},"end":{"line":42,"column":13}},"line":40},"4":{"name":"(anonymous_4)","decl":{"start":{"line":45,"column":48},"end":{"line":45,"column":49}},"loc":{"start":{"line":46,"column":12},"end":{"line":46,"column":36}},"line":46},"5":{"name":"(anonymous_5)","decl":{"start":{"line":61,"column":14},"end":{"line":61,"column":15}},"loc":{"start":{"line":61,"column":28},"end":{"line":76,"column":3}},"line":61},"6":{"name":"(anonymous_6)","decl":{"start":{"line":66,"column":14},"end":{"line":66,"column":15}},"loc":{"start":{"line":66,"column":26},"end":{"line":69,"column":9}},"line":66},"7":{"name":"(anonymous_7)","decl":{"start":{"line":70,"column":15},"end":{"line":70,"column":16}},"loc":{"start":{"line":70,"column":24},"end":{"line":72,"column":9}},"line":70},"8":{"name":"(anonymous_8)","decl":{"start":{"line":77,"column":10},"end":{"line":77,"column":11}},"loc":{"start":{"line":77,"column":24},"end":{"line":126,"column":3}},"line":77},"9":{"name":"(anonymous_9)","decl":{"start":{"line":82,"column":14},"end":{"line":82,"column":15}},"loc":{"start":{"line":82,"column":24},"end":{"line":117,"column":9}},"line":82},"10":{"name":"(anonymous_10)","decl":{"start":{"line":84,"column":43},"end":{"line":84,"column":44}},"loc":{"start":{"line":84,"column":58},"end":{"line":113,"column":13}},"line":84},"11":{"name":"(anonymous_11)","decl":{"start":{"line":104,"column":24},"end":{"line":104,"column":25}},"loc":{"start":{"line":104,"column":36},"end":{"line":107,"column":19}},"line":104},"12":{"name":"(anonymous_12)","decl":{"start":{"line":108,"column":25},"end":{"line":108,"column":26}},"loc":{"start":{"line":108,"column":36},"end":{"line":111,"column":19}},"line":108},"13":{"name":"(anonymous_13)","decl":{"start":{"line":118,"column":15},"end":{"line":118,"column":16}},"loc":{"start":{"line":118,"column":26},"end":{"line":121,"column":9}},"line":118},"14":{"name":"(anonymous_14)","decl":{"start":{"line":127,"column":10},"end":{"line":127,"column":11}},"loc":{"start":{"line":127,"column":24},"end":{"line":178,"column":3}},"line":127},"15":{"name":"(anonymous_15)","decl":{"start":{"line":131,"column":37},"end":{"line":131,"column":38}},"loc":{"start":{"line":131,"column":49},"end":{"line":171,"column":7}},"line":131},"16":{"name":"(anonymous_16)","decl":{"start":{"line":133,"column":41},"end":{"line":133,"column":42}},"loc":{"start":{"line":133,"column":56},"end":{"line":169,"column":11}},"line":133},"17":{"name":"(anonymous_17)","decl":{"start":{"line":152,"column":22},"end":{"line":152,"column":23}},"loc":{"start":{"line":152,"column":32},"end":{"line":163,"column":17}},"line":152},"18":{"name":"(anonymous_18)","decl":{"start":{"line":153,"column":60},"end":{"line":153,"column":61}},"loc":{"start":{"line":153,"column":69},"end":{"line":161,"column":19}},"line":153},"19":{"name":"(anonymous_19)","decl":{"start":{"line":164,"column":23},"end":{"line":164,"column":24}},"loc":{"start":{"line":164,"column":34},"end":{"line":167,"column":17}},"line":164},"20":{"name":"(anonymous_20)","decl":{"start":{"line":172,"column":13},"end":{"line":172,"column":14}},"loc":{"start":{"line":172,"column":22},"end":{"line":174,"column":7}},"line":172},"21":{"name":"(anonymous_21)","decl":{"start":{"line":179,"column":11},"end":{"line":179,"column":12}},"loc":{"start":{"line":179,"column":25},"end":{"line":208,"column":3}},"line":179},"22":{"name":"(anonymous_22)","decl":{"start":{"line":182,"column":37},"end":{"line":182,"column":38}},"loc":{"start":{"line":182,"column":47},"end":{"line":204,"column":7}},"line":182},"23":{"name":"(anonymous_23)","decl":{"start":{"line":188,"column":16},"end":{"line":188,"column":17}},"loc":{"start":{"line":188,"column":26},"end":{"line":198,"column":11}},"line":188},"24":{"name":"(anonymous_24)","decl":{"start":{"line":189,"column":54},"end":{"line":189,"column":55}},"loc":{"start":{"line":189,"column":63},"end":{"line":196,"column":13}},"line":189},"25":{"name":"(anonymous_25)","decl":{"start":{"line":199,"column":17},"end":{"line":199,"column":18}},"loc":{"start":{"line":199,"column":28},"end":{"line":201,"column":11}},"line":199},"26":{"name":"(anonymous_26)","decl":{"start":{"line":209,"column":9},"end":{"line":209,"column":10}},"loc":{"start":{"line":209,"column":23},"end":{"line":234,"column":3}},"line":209},"27":{"name":"(anonymous_27)","decl":{"start":{"line":214,"column":14},"end":{"line":214,"column":15}},"loc":{"start":{"line":214,"column":24},"end":{"line":226,"column":9}},"line":214},"28":{"name":"(anonymous_28)","decl":{"start":{"line":216,"column":48},"end":{"line":216,"column":49}},"loc":{"start":{"line":216,"column":70},"end":{"line":224,"column":13}},"line":216},"29":{"name":"(anonymous_29)","decl":{"start":{"line":227,"column":15},"end":{"line":227,"column":16}},"loc":{"start":{"line":227,"column":26},"end":{"line":230,"column":9}},"line":227}},"branchMap":{"0":{"loc":{"start":{"line":18,"column":21},"end":{"line":18,"column":67}},"type":"cond-expr","locations":[{"start":{"line":18,"column":50},"end":{"line":18,"column":52}},{"start":{"line":18,"column":55},"end":{"line":18,"column":67}}],"line":18},"1":{"loc":{"start":{"line":19,"column":20},"end":{"line":19,"column":66}},"type":"cond-expr","locations":[{"start":{"line":19,"column":48},"end":{"line":19,"column":52}},{"start":{"line":19,"column":55},"end":{"line":19,"column":66}}],"line":19},"2":{"loc":{"start":{"line":20,"column":23},"end":{"line":20,"column":68}},"type":"cond-expr","locations":[{"start":{"line":20,"column":50},"end":{"line":20,"column":55}},{"start":{"line":20,"column":58},"end":{"line":20,"column":68}}],"line":20},"3":{"loc":{"start":{"line":21,"column":20},"end":{"line":21,"column":64}},"type":"cond-expr","locations":[{"start":{"line":21,"column":48},"end":{"line":21,"column":50}},{"start":{"line":21,"column":53},"end":{"line":21,"column":64}}],"line":21},"4":{"loc":{"start":{"line":22,"column":19},"end":{"line":22,"column":60}},"type":"cond-expr","locations":[{"start":{"line":22,"column":46},"end":{"line":22,"column":47}},{"start":{"line":22,"column":50},"end":{"line":22,"column":60}}],"line":22},"5":{"loc":{"start":{"line":23,"column":21},"end":{"line":23,"column":56}},"type":"cond-expr","locations":[{"start":{"line":23,"column":34},"end":{"line":23,"column":35}},{"start":{"line":23,"column":38},"end":{"line":23,"column":56}}],"line":23},"6":{"loc":{"start":{"line":25,"column":8},"end":{"line":54,"column":9}},"type":"if","locations":[{"start":{"line":25,"column":8},"end":{"line":54,"column":9}},{"start":{"line":25,"column":8},"end":{"line":54,"column":9}}],"line":25},"7":{"loc":{"start":{"line":27,"column":15},"end":{"line":54,"column":9}},"type":"if","locations":[{"start":{"line":27,"column":15},"end":{"line":54,"column":9}},{"start":{"line":27,"column":15},"end":{"line":54,"column":9}}],"line":27},"8":{"loc":{"start":{"line":83,"column":10},"end":{"line":116,"column":11}},"type":"if","locations":[{"start":{"line":83,"column":10},"end":{"line":116,"column":11}},{"start":{"line":83,"column":10},"end":{"line":116,"column":11}}],"line":83},"9":{"loc":{"start":{"line":85,"column":14},"end":{"line":112,"column":15}},"type":"if","locations":[{"start":{"line":85,"column":14},"end":{"line":112,"column":15}},{"start":{"line":85,"column":14},"end":{"line":112,"column":15}}],"line":85},"10":{"loc":{"start":{"line":134,"column":12},"end":{"line":168,"column":13}},"type":"if","locations":[{"start":{"line":134,"column":12},"end":{"line":168,"column":13}},{"start":{"line":134,"column":12},"end":{"line":168,"column":13}}],"line":134},"11":{"loc":{"start":{"line":154,"column":20},"end":{"line":160,"column":21}},"type":"if","locations":[{"start":{"line":154,"column":20},"end":{"line":160,"column":21}},{"start":{"line":154,"column":20},"end":{"line":160,"column":21}}],"line":154},"12":{"loc":{"start":{"line":183,"column":8},"end":{"line":203,"column":9}},"type":"if","locations":[{"start":{"line":183,"column":8},"end":{"line":203,"column":9}},{"start":{"line":183,"column":8},"end":{"line":203,"column":9}}],"line":183},"13":{"loc":{"start":{"line":190,"column":14},"end":{"line":195,"column":15}},"type":"if","locations":[{"start":{"line":190,"column":14},"end":{"line":195,"column":15}},{"start":{"line":190,"column":14},"end":{"line":195,"column":15}}],"line":190},"14":{"loc":{"start":{"line":217,"column":14},"end":{"line":223,"column":15}},"type":"if","locations":[{"start":{"line":217,"column":14},"end":{"line":223,"column":15}},{"start":{"line":217,"column":14},"end":{"line":223,"column":15}}],"line":217},"15":{"loc":{"start":{"line":219,"column":21},"end":{"line":223,"column":15}},"type":"if","locations":[{"start":{"line":219,"column":21},"end":{"line":223,"column":15}},{"start":{"line":219,"column":21},"end":{"line":223,"column":15}}],"line":219}},"s":{"0":1,"1":1,"2":1,"3":1,"4":1,"5":1,"6":1,"7":1,"8":1,"9":1,"10":1,"11":1,"12":1,"13":1,"14":1,"15":1,"16":1,"17":1,"18":1,"19":0,"20":1,"21":1,"22":1,"23":1,"24":1,"25":1,"26":0,"27":0,"28":0,"29":0,"30":0,"31":0,"32":0,"33":0,"34":1,"35":1,"36":1,"37":1,"38":1,"39":0,"40":0,"41":4,"42":4,"43":4,"44":4,"45":3,"46":3,"47":1,"48":2,"49":2,"50":1,"51":1,"52":1,"53":1,"54":0,"55":0,"56":3,"57":3,"58":3,"59":3,"60":3,"61":3,"62":3,"63":1,"64":2,"65":2,"66":2,"67":1,"68":0,"69":1,"70":1,"71":1,"72":0,"73":0,"74":2,"75":2,"76":2,"77":2,"78":1,"79":1,"80":1,"81":1,"82":0,"83":1,"84":1,"85":0,"86":0,"87":25,"88":25,"89":25,"90":25,"91":24,"92":24,"93":1,"94":23,"95":22,"96":1,"97":1,"98":0,"99":1},"f":{"0":1,"1":1,"2":1,"3":0,"4":0,"5":1,"6":1,"7":0,"8":4,"9":4,"10":3,"11":1,"12":1,"13":0,"14":3,"15":3,"16":3,"17":2,"18":1,"19":1,"20":0,"21":2,"22":2,"23":1,"24":1,"25":0,"26":25,"27":25,"28":24,"29":1},"b":{"0":[1,0],"1":[1,0],"2":[1,0],"3":[1,0],"4":[1,0],"5":[1,0],"6":[0,1],"7":[1,0],"8":[3,1],"9":[1,2],"10":[1,2],"11":[0,1],"12":[1,1],"13":[0,1],"14":[1,23],"15":[22,1]},"_coverageSchema":"1a1c01bbd47fc00a2c39e90264f33305004495a9","hash":"1042279390c76cc608c357f14375121b7fb1de8d","contentHash":"555dd782168214c5f8c0102e2ca90b5bea21389df2e21b292c767e9ba159f3c0"},"A:\\Fazztrack\\week12\\src\\models\\usersmodel.js":{"path":"A:\\Fazztrack\\week12\\src\\models\\usersmodel.js","statementMap":{"0":{"start":{"line":1,"column":11},"end":{"line":1,"column":34}},"1":{"start":{"line":2,"column":12},"end":{"line":2,"column":36}},"2":{"start":{"line":3,"column":23},"end":{"line":3,"column":48}},"3":{"start":{"line":5,"column":19},"end":{"line":88,"column":1}},"4":{"start":{"line":6,"column":20},"end":{"line":14,"column":4}},"5":{"start":{"line":7,"column":4},"end":{"line":13,"column":7}},"6":{"start":{"line":8,"column":6},"end":{"line":12,"column":7}},"7":{"start":{"line":9,"column":8},"end":{"line":9,"column":20}},"8":{"start":{"line":11,"column":8},"end":{"line":11,"column":24}},"9":{"start":{"line":15,"column":55},"end":{"line":23,"column":4}},"10":{"start":{"line":16,"column":4},"end":{"line":22,"column":7}},"11":{"start":{"line":17,"column":6},"end":{"line":21,"column":7}},"12":{"start":{"line":18,"column":8},"end":{"line":18,"column":20}},"13":{"start":{"line":20,"column":8},"end":{"line":20,"column":24}},"14":{"start":{"line":24,"column":19},"end":{"line":44,"column":4}},"15":{"start":{"line":25,"column":22},"end":{"line":25,"column":26}},"16":{"start":{"line":26,"column":4},"end":{"line":43,"column":7}},"17":{"start":{"line":27,"column":6},"end":{"line":42,"column":7}},"18":{"start":{"line":28,"column":8},"end":{"line":28,"column":20}},"19":{"start":{"line":30,"column":8},"end":{"line":40,"column":9}},"20":{"start":{"line":31,"column":10},"end":{"line":31,"column":25}},"21":{"start":{"line":33,"column":23},"end":{"line":33,"column":32}},"22":{"start":{"line":34,"column":26},"end":{"line":37,"column":11}},"23":{"start":{"line":38,"column":24},"end":{"line":38,"column":53}},"24":{"start":{"line":39,"column":10},"end":{"line":39,"column":34}},"25":{"start":{"line":45,"column":22},"end":{"line":53,"column":4}},"26":{"start":{"line":46,"column":4},"end":{"line":52,"column":7}},"27":{"start":{"line":47,"column":6},"end":{"line":51,"column":7}},"28":{"start":{"line":48,"column":8},"end":{"line":48,"column":20}},"29":{"start":{"line":50,"column":8},"end":{"line":50,"column":24}},"30":{"start":{"line":54,"column":20},"end":{"line":65,"column":4}},"31":{"start":{"line":57,"column":8},"end":{"line":57,"column":12}},"32":{"start":{"line":58,"column":4},"end":{"line":64,"column":7}},"33":{"start":{"line":59,"column":6},"end":{"line":63,"column":7}},"34":{"start":{"line":60,"column":8},"end":{"line":60,"column":20}},"35":{"start":{"line":62,"column":8},"end":{"line":62,"column":24}},"36":{"start":{"line":66,"column":24},"end":{"line":78,"column":4}},"37":{"start":{"line":70,"column":8},"end":{"line":70,"column":12}},"38":{"start":{"line":71,"column":4},"end":{"line":77,"column":7}},"39":{"start":{"line":72,"column":6},"end":{"line":76,"column":7}},"40":{"start":{"line":73,"column":8},"end":{"line":73,"column":20}},"41":{"start":{"line":75,"column":8},"end":{"line":75,"column":24}},"42":{"start":{"line":79,"column":19},"end":{"line":87,"column":4}},"43":{"start":{"line":80,"column":4},"end":{"line":86,"column":7}},"44":{"start":{"line":81,"column":6},"end":{"line":85,"column":7}},"45":{"start":{"line":82,"column":8},"end":{"line":82,"column":20}},"46":{"start":{"line":84,"column":8},"end":{"line":84,"column":24}},"47":{"start":{"line":89,"column":0},"end":{"line":89,"column":28}}},"fnMap":{"0":{"name":"(anonymous_0)","decl":{"start":{"line":6,"column":14},"end":{"line":6,"column":15}},"loc":{"start":{"line":6,"column":20},"end":{"line":14,"column":4}},"line":6},"1":{"name":"(anonymous_1)","decl":{"start":{"line":6,"column":32},"end":{"line":6,"column":33}},"loc":{"start":{"line":6,"column":53},"end":{"line":14,"column":3}},"line":6},"2":{"name":"(anonymous_2)","decl":{"start":{"line":7,"column":40},"end":{"line":7,"column":41}},"loc":{"start":{"line":7,"column":57},"end":{"line":13,"column":5}},"line":7},"3":{"name":"(anonymous_3)","decl":{"start":{"line":15,"column":11},"end":{"line":15,"column":12}},"loc":{"start":{"line":15,"column":55},"end":{"line":23,"column":4}},"line":15},"4":{"name":"(anonymous_4)","decl":{"start":{"line":15,"column":67},"end":{"line":15,"column":68}},"loc":{"start":{"line":15,"column":88},"end":{"line":23,"column":3}},"line":15},"5":{"name":"(anonymous_5)","decl":{"start":{"line":16,"column":139},"end":{"line":16,"column":140}},"loc":{"start":{"line":16,"column":156},"end":{"line":22,"column":5}},"line":16},"6":{"name":"(anonymous_6)","decl":{"start":{"line":24,"column":9},"end":{"line":24,"column":10}},"loc":{"start":{"line":24,"column":19},"end":{"line":44,"column":4}},"line":24},"7":{"name":"(anonymous_7)","decl":{"start":{"line":24,"column":31},"end":{"line":24,"column":32}},"loc":{"start":{"line":24,"column":52},"end":{"line":44,"column":3}},"line":24},"8":{"name":"(anonymous_8)","decl":{"start":{"line":26,"column":65},"end":{"line":26,"column":66}},"loc":{"start":{"line":26,"column":82},"end":{"line":43,"column":5}},"line":26},"9":{"name":"(anonymous_9)","decl":{"start":{"line":45,"column":14},"end":{"line":45,"column":15}},"loc":{"start":{"line":45,"column":22},"end":{"line":53,"column":4}},"line":45},"10":{"name":"(anonymous_10)","decl":{"start":{"line":45,"column":34},"end":{"line":45,"column":35}},"loc":{"start":{"line":45,"column":55},"end":{"line":53,"column":3}},"line":45},"11":{"name":"(anonymous_11)","decl":{"start":{"line":46,"column":57},"end":{"line":46,"column":58}},"loc":{"start":{"line":46,"column":74},"end":{"line":52,"column":5}},"line":46},"12":{"name":"(anonymous_12)","decl":{"start":{"line":54,"column":10},"end":{"line":54,"column":11}},"loc":{"start":{"line":54,"column":20},"end":{"line":65,"column":4}},"line":54},"13":{"name":"(anonymous_13)","decl":{"start":{"line":54,"column":32},"end":{"line":54,"column":33}},"loc":{"start":{"line":54,"column":53},"end":{"line":65,"column":3}},"line":54},"14":{"name":"(anonymous_14)","decl":{"start":{"line":58,"column":270},"end":{"line":58,"column":271}},"loc":{"start":{"line":58,"column":287},"end":{"line":64,"column":5}},"line":58},"15":{"name":"(anonymous_15)","decl":{"start":{"line":66,"column":10},"end":{"line":66,"column":11}},"loc":{"start":{"line":66,"column":24},"end":{"line":78,"column":4}},"line":66},"16":{"name":"(anonymous_16)","decl":{"start":{"line":66,"column":36},"end":{"line":66,"column":37}},"loc":{"start":{"line":66,"column":57},"end":{"line":78,"column":3}},"line":66},"17":{"name":"(anonymous_17)","decl":{"start":{"line":71,"column":281},"end":{"line":71,"column":282}},"loc":{"start":{"line":71,"column":298},"end":{"line":77,"column":5}},"line":71},"18":{"name":"(anonymous_18)","decl":{"start":{"line":79,"column":11},"end":{"line":79,"column":12}},"loc":{"start":{"line":79,"column":19},"end":{"line":87,"column":4}},"line":79},"19":{"name":"(anonymous_19)","decl":{"start":{"line":79,"column":31},"end":{"line":79,"column":32}},"loc":{"start":{"line":79,"column":52},"end":{"line":87,"column":3}},"line":79},"20":{"name":"(anonymous_20)","decl":{"start":{"line":80,"column":53},"end":{"line":80,"column":54}},"loc":{"start":{"line":80,"column":70},"end":{"line":86,"column":5}},"line":80}},"branchMap":{"0":{"loc":{"start":{"line":8,"column":6},"end":{"line":12,"column":7}},"type":"if","locations":[{"start":{"line":8,"column":6},"end":{"line":12,"column":7}},{"start":{"line":8,"column":6},"end":{"line":12,"column":7}}],"line":8},"1":{"loc":{"start":{"line":17,"column":6},"end":{"line":21,"column":7}},"type":"if","locations":[{"start":{"line":17,"column":6},"end":{"line":21,"column":7}},{"start":{"line":17,"column":6},"end":{"line":21,"column":7}}],"line":17},"2":{"loc":{"start":{"line":27,"column":6},"end":{"line":42,"column":7}},"type":"if","locations":[{"start":{"line":27,"column":6},"end":{"line":42,"column":7}},{"start":{"line":27,"column":6},"end":{"line":42,"column":7}}],"line":27},"3":{"loc":{"start":{"line":30,"column":8},"end":{"line":40,"column":9}},"type":"if","locations":[{"start":{"line":30,"column":8},"end":{"line":40,"column":9}},{"start":{"line":30,"column":8},"end":{"line":40,"column":9}}],"line":30},"4":{"loc":{"start":{"line":47,"column":6},"end":{"line":51,"column":7}},"type":"if","locations":[{"start":{"line":47,"column":6},"end":{"line":51,"column":7}},{"start":{"line":47,"column":6},"end":{"line":51,"column":7}}],"line":47},"5":{"loc":{"start":{"line":59,"column":6},"end":{"line":63,"column":7}},"type":"if","locations":[{"start":{"line":59,"column":6},"end":{"line":63,"column":7}},{"start":{"line":59,"column":6},"end":{"line":63,"column":7}}],"line":59},"6":{"loc":{"start":{"line":72,"column":6},"end":{"line":76,"column":7}},"type":"if","locations":[{"start":{"line":72,"column":6},"end":{"line":76,"column":7}},{"start":{"line":72,"column":6},"end":{"line":76,"column":7}}],"line":72},"7":{"loc":{"start":{"line":81,"column":6},"end":{"line":85,"column":7}},"type":"if","locations":[{"start":{"line":81,"column":6},"end":{"line":85,"column":7}},{"start":{"line":81,"column":6},"end":{"line":85,"column":7}}],"line":81}},"s":{"0":1,"1":1,"2":1,"3":1,"4":1,"5":1,"6":1,"7":0,"8":1,"9":1,"10":1,"11":1,"12":0,"13":1,"14":29,"15":29,"16":29,"17":29,"18":0,"19":29,"20":4,"21":25,"22":25,"23":25,"24":25,"25":21,"26":21,"27":21,"28":0,"29":21,"30":2,"31":2,"32":2,"33":2,"34":1,"35":1,"36":2,"37":2,"38":2,"39":2,"40":0,"41":2,"42":1,"43":1,"44":1,"45":0,"46":1,"47":1},"f":{"0":1,"1":1,"2":1,"3":1,"4":1,"5":1,"6":29,"7":29,"8":29,"9":21,"10":21,"11":21,"12":2,"13":2,"14":2,"15":2,"16":2,"17":2,"18":1,"19":1,"20":1},"b":{"0":[0,1],"1":[0,1],"2":[0,29],"3":[4,25],"4":[0,21],"5":[1,1],"6":[0,2],"7":[0,1]},"_coverageSchema":"1a1c01bbd47fc00a2c39e90264f33305004495a9","hash":"2cffd4d86f5f89ba55df7010b6556faef436ab38","contentHash":"6ae377f493550d76ca4bd71adb6fb0e66d96356755c4a81f4e9ebe8b757ce54b"},"A:\\Fazztrack\\week12\\src\\config\\db.js":{"path":"A:\\Fazztrack\\week12\\src\\config\\db.js","statementMap":{"0":{"start":{"line":1,"column":14},"end":{"line":1,"column":31}},"1":{"start":{"line":2,"column":37},"end":{"line":2,"column":62}},"2":{"start":{"line":4,"column":19},"end":{"line":9,"column":2}},"3":{"start":{"line":11,"column":0},"end":{"line":17,"column":3}},"4":{"start":{"line":12,"column":2},"end":{"line":16,"column":3}},"5":{"start":{"line":13,"column":4},"end":{"line":13,"column":21}},"6":{"start":{"line":15,"column":4},"end":{"line":15,"column":36}},"7":{"start":{"line":19,"column":0},"end":{"line":19,"column":28}}},"fnMap":{"0":{"name":"(anonymous_0)","decl":{"start":{"line":11,"column":19},"end":{"line":11,"column":20}},"loc":{"start":{"line":11,"column":28},"end":{"line":17,"column":1}},"line":11}},"branchMap":{"0":{"loc":{"start":{"line":12,"column":2},"end":{"line":16,"column":3}},"type":"if","locations":[{"start":{"line":12,"column":2},"end":{"line":16,"column":3}},{"start":{"line":12,"column":2},"end":{"line":16,"column":3}}],"line":12}},"s":{"0":1,"1":1,"2":1,"3":1,"4":1,"5":0,"6":1,"7":1},"f":{"0":1},"b":{"0":[0,1]},"_coverageSchema":"1a1c01bbd47fc00a2c39e90264f33305004495a9","hash":"3e7c402e4dea002e3e863c533e3f49a84a6a238e","contentHash":"9991ac864083464fb5696e03429ed473aa0a77f95fae4b26be3f13a714ca889e"},"A:\\Fazztrack\\week12\\src\\helpers\\env.js":{"path":"A:\\Fazztrack\\week12\\src\\helpers\\env.js","statementMap":{"0":{"start":{"line":1,"column":0},"end":{"line":1,"column":27}},"1":{"start":{"line":4,"column":12},"end":{"line":9,"column":1}},"2":{"start":{"line":10,"column":0},"end":{"line":10,"column":21}}},"fnMap":{},"branchMap":{},"s":{"0":1,"1":1,"2":1},"f":{},"b":{},"_coverageSchema":"1a1c01bbd47fc00a2c39e90264f33305004495a9","hash":"72840146a3594a44291faf3645712bb2fd852d18","contentHash":"40c067c6f5afdb2929d8da217916914797f4aebf2a25ff171429649be608cee3"},"A:\\Fazztrack\\week12\\src\\helpers\\redis.js":{"path":"A:\\Fazztrack\\week12\\src\\helpers\\redis.js","statementMap":{"0":{"start":{"line":1,"column":14},"end":{"line":1,"column":31}},"1":{"start":{"line":3,"column":15},"end":{"line":6,"column":2}},"2":{"start":{"line":7,"column":0},"end":{"line":9,"column":3}},"3":{"start":{"line":8,"column":2},"end":{"line":8,"column":19}},"4":{"start":{"line":11,"column":20},"end":{"line":16,"column":1}},"5":{"start":{"line":13,"column":4},"end":{"line":13,"column":27}},"6":{"start":{"line":14,"column":4},"end":{"line":14,"column":16}},"7":{"start":{"line":17,"column":0},"end":{"line":17,"column":29}}},"fnMap":{"0":{"name":"(anonymous_0)","decl":{"start":{"line":7,"column":19},"end":{"line":7,"column":20}},"loc":{"start":{"line":7,"column":28},"end":{"line":9,"column":1}},"line":7},"1":{"name":"(anonymous_1)","decl":{"start":{"line":12,"column":7},"end":{"line":12,"column":8}},"loc":{"start":{"line":12,"column":23},"end":{"line":15,"column":3}},"line":12}},"branchMap":{},"s":{"0":1,"1":1,"2":1,"3":0,"4":1,"5":3,"6":3,"7":1},"f":{"0":0,"1":3},"b":{},"_coverageSchema":"1a1c01bbd47fc00a2c39e90264f33305004495a9","hash":"21bd7cc3e91d39ffe324eca12adee48884242477","contentHash":"1621fd630ead5ef4d5081970955a2c88600d7cb74515176b89d4bf878df9d57f"},"A:\\Fazztrack\\week12\\src\\helpers\\response.js":{"path":"A:\\Fazztrack\\week12\\src\\helpers\\response.js","statementMap":{"0":{"start":{"line":1,"column":17},"end":{"line":50,"column":1}},"1":{"start":{"line":3,"column":20},"end":{"line":8,"column":5}},"2":{"start":{"line":9,"column":4},"end":{"line":9,"column":22}},"3":{"start":{"line":12,"column":25},"end":{"line":17,"column":5}},"4":{"start":{"line":18,"column":4},"end":{"line":18,"column":26}},"5":{"start":{"line":21,"column":4},"end":{"line":48,"column":5}},"6":{"start":{"line":22,"column":23},"end":{"line":28,"column":7}},"7":{"start":{"line":29,"column":6},"end":{"line":29,"column":25}},"8":{"start":{"line":30,"column":11},"end":{"line":48,"column":5}},"9":{"start":{"line":31,"column":23},"end":{"line":37,"column":7}},"10":{"start":{"line":38,"column":6},"end":{"line":38,"column":25}},"11":{"start":{"line":39,"column":11},"end":{"line":48,"column":5}},"12":{"start":{"line":40,"column":23},"end":{"line":46,"column":7}},"13":{"start":{"line":47,"column":6},"end":{"line":47,"column":25}},"14":{"start":{"line":51,"column":0},"end":{"line":51,"column":26}}},"fnMap":{"0":{"name":"(anonymous_0)","decl":{"start":{"line":2,"column":11},"end":{"line":2,"column":12}},"loc":{"start":{"line":2,"column":33},"end":{"line":10,"column":3}},"line":2},"1":{"name":"(anonymous_1)","decl":{"start":{"line":11,"column":17},"end":{"line":11,"column":18}},"loc":{"start":{"line":11,"column":40},"end":{"line":19,"column":3}},"line":11},"2":{"name":"(anonymous_2)","decl":{"start":{"line":20,"column":10},"end":{"line":20,"column":11}},"loc":{"start":{"line":20,"column":30},"end":{"line":49,"column":3}},"line":20}},"branchMap":{"0":{"loc":{"start":{"line":21,"column":4},"end":{"line":48,"column":5}},"type":"if","locations":[{"start":{"line":21,"column":4},"end":{"line":48,"column":5}},{"start":{"line":21,"column":4},"end":{"line":48,"column":5}}],"line":21},"1":{"loc":{"start":{"line":30,"column":11},"end":{"line":48,"column":5}},"type":"if","locations":[{"start":{"line":30,"column":11},"end":{"line":48,"column":5}},{"start":{"line":30,"column":11},"end":{"line":48,"column":5}}],"line":30},"2":{"loc":{"start":{"line":39,"column":11},"end":{"line":48,"column":5}},"type":"if","locations":[{"start":{"line":39,"column":11},"end":{"line":48,"column":5}},{"start":{"line":39,"column":11},"end":{"line":48,"column":5}}],"line":39}},"s":{"0":1,"1":18,"2":18,"3":22,"4":22,"5":18,"6":0,"7":0,"8":18,"9":9,"10":9,"11":9,"12":9,"13":9,"14":1},"f":{"0":18,"1":22,"2":18},"b":{"0":[0,18],"1":[9,9],"2":[9,0]},"_coverageSchema":"1a1c01bbd47fc00a2c39e90264f33305004495a9","hash":"2c59e51aca3a6fdc8dc6619717f961af52fd9413","contentHash":"a6bda223e5a56a98eb98955fef636c8f550b454282360aeff58afe2739b7f597"},"A:\\Fazztrack\\week12\\src\\midAuth\\authentication.js":{"path":"A:\\Fazztrack\\week12\\src\\midAuth\\authentication.js","statementMap":{"0":{"start":{"line":1,"column":12},"end":{"line":1,"column":36}},"1":{"start":{"line":2,"column":23},"end":{"line":2,"column":48}},"2":{"start":{"line":3,"column":19},"end":{"line":3,"column":49}},"3":{"start":{"line":14,"column":23},"end":{"line":26,"column":1}},"4":{"start":{"line":15,"column":16},"end":{"line":15,"column":33}},"5":{"start":{"line":16,"column":2},"end":{"line":24,"column":5}},"6":{"start":{"line":17,"column":4},"end":{"line":23,"column":5}},"7":{"start":{"line":18,"column":6},"end":{"line":18,"column":37}},"8":{"start":{"line":21,"column":6},"end":{"line":21,"column":30}},"9":{"start":{"line":22,"column":6},"end":{"line":22,"column":12}},"10":{"start":{"line":27,"column":0},"end":{"line":27,"column":31}}},"fnMap":{"0":{"name":"(anonymous_0)","decl":{"start":{"line":14,"column":23},"end":{"line":14,"column":24}},"loc":{"start":{"line":14,"column":41},"end":{"line":26,"column":1}},"line":14},"1":{"name":"(anonymous_1)","decl":{"start":{"line":16,"column":32},"end":{"line":16,"column":33}},"loc":{"start":{"line":16,"column":48},"end":{"line":24,"column":3}},"line":16}},"branchMap":{"0":{"loc":{"start":{"line":17,"column":4},"end":{"line":23,"column":5}},"type":"if","locations":[{"start":{"line":17,"column":4},"end":{"line":23,"column":5}},{"start":{"line":17,"column":4},"end":{"line":23,"column":5}}],"line":17}},"s":{"0":1,"1":1,"2":1,"3":1,"4":23,"5":23,"6":23,"7":1,"8":22,"9":22,"10":1},"f":{"0":23,"1":23},"b":{"0":[1,22]},"_coverageSchema":"1a1c01bbd47fc00a2c39e90264f33305004495a9","hash":"cbf36841306f6f26665a860296abef6680ded0b2","contentHash":"2b9bce021bb39404a282b578dcdf84cf5de398761c92e1796f7a408ac1c9b07d"},"A:\\Fazztrack\\week12\\src\\midAuth\\authorization.js":{"path":"A:\\Fazztrack\\week12\\src\\midAuth\\authorization.js","statementMap":{"0":{"start":{"line":2,"column":19},"end":{"line":2,"column":49}},"1":{"start":{"line":3,"column":19},"end":{"line":3,"column":50}},"2":{"start":{"line":5,"column":22},"end":{"line":21,"column":1}},"3":{"start":{"line":6,"column":15},"end":{"line":6,"column":25}},"4":{"start":{"line":7,"column":4},"end":{"line":20,"column":9}},"5":{"start":{"line":10,"column":12},"end":{"line":15,"column":13}},"6":{"start":{"line":11,"column":12},"end":{"line":11,"column":18}},"7":{"start":{"line":13,"column":14},"end":{"line":13,"column":81}},"8":{"start":{"line":19,"column":8},"end":{"line":19,"column":42}},"9":{"start":{"line":22,"column":0},"end":{"line":22,"column":30}}},"fnMap":{"0":{"name":"(anonymous_0)","decl":{"start":{"line":5,"column":22},"end":{"line":5,"column":23}},"loc":{"start":{"line":5,"column":42},"end":{"line":21,"column":1}},"line":5},"1":{"name":"(anonymous_1)","decl":{"start":{"line":9,"column":12},"end":{"line":9,"column":13}},"loc":{"start":{"line":9,"column":24},"end":{"line":17,"column":7}},"line":9},"2":{"name":"(anonymous_2)","decl":{"start":{"line":18,"column":13},"end":{"line":18,"column":14}},"loc":{"start":{"line":18,"column":22},"end":{"line":20,"column":7}},"line":18}},"branchMap":{"0":{"loc":{"start":{"line":10,"column":12},"end":{"line":15,"column":13}},"type":"if","locations":[{"start":{"line":10,"column":12},"end":{"line":15,"column":13}},{"start":{"line":10,"column":12},"end":{"line":15,"column":13}}],"line":10}},"s":{"0":1,"1":1,"2":1,"3":15,"4":15,"5":15,"6":14,"7":1,"8":0,"9":1},"f":{"0":15,"1":15,"2":0},"b":{"0":[14,1]},"_coverageSchema":"1a1c01bbd47fc00a2c39e90264f33305004495a9","hash":"3c17f58e0669322cc38d7b50224a1e356af3c324","contentHash":"05e1cb09d7f5a212e61f49c5197cb7b2f878290b6617b9b2f3d88bc7337d9ffb"},"A:\\Fazztrack\\week12\\src\\midAuth\\upload.js":{"path":"A:\\Fazztrack\\week12\\src\\midAuth\\upload.js","statementMap":{"0":{"start":{"line":1,"column":15},"end":{"line":1,"column":32}},"1":{"start":{"line":2,"column":13},"end":{"line":2,"column":28}},"2":{"start":{"line":3,"column":19},"end":{"line":3,"column":49}},"3":{"start":{"line":5,"column":21},"end":{"line":27,"column":2}},"4":{"start":{"line":8,"column":8},"end":{"line":8,"column":30}},"5":{"start":{"line":11,"column":20},"end":{"line":11,"column":51}},"6":{"start":{"line":12,"column":8},"end":{"line":12,"column":61}},"7":{"start":{"line":16,"column":20},"end":{"line":16,"column":51}},"8":{"start":{"line":17,"column":8},"end":{"line":24,"column":9}},"9":{"start":{"line":18,"column":12},"end":{"line":18,"column":26}},"10":{"start":{"line":20,"column":26},"end":{"line":22,"column":13}},"11":{"start":{"line":23,"column":12},"end":{"line":23,"column":29}},"12":{"start":{"line":28,"column":15},"end":{"line":37,"column":1}},"13":{"start":{"line":29,"column":25},"end":{"line":29,"column":53}},"14":{"start":{"line":30,"column":4},"end":{"line":36,"column":6}},"15":{"start":{"line":31,"column":8},"end":{"line":35,"column":9}},"16":{"start":{"line":32,"column":12},"end":{"line":32,"column":44}},"17":{"start":{"line":34,"column":12},"end":{"line":34,"column":18}},"18":{"start":{"line":38,"column":0},"end":{"line":38,"column":23}}},"fnMap":{"0":{"name":"(anonymous_0)","decl":{"start":{"line":7,"column":21},"end":{"line":7,"column":22}},"loc":{"start":{"line":7,"column":40},"end":{"line":9,"column":9}},"line":7},"1":{"name":"(anonymous_1)","decl":{"start":{"line":10,"column":18},"end":{"line":10,"column":19}},"loc":{"start":{"line":10,"column":37},"end":{"line":13,"column":9}},"line":10},"2":{"name":"(anonymous_2)","decl":{"start":{"line":15,"column":16},"end":{"line":15,"column":17}},"loc":{"start":{"line":15,"column":34},"end":{"line":25,"column":5}},"line":15},"3":{"name":"(anonymous_3)","decl":{"start":{"line":28,"column":15},"end":{"line":28,"column":16}},"loc":{"start":{"line":28,"column":34},"end":{"line":37,"column":1}},"line":28},"4":{"name":"(anonymous_4)","decl":{"start":{"line":30,"column":27},"end":{"line":30,"column":28}},"loc":{"start":{"line":30,"column":34},"end":{"line":36,"column":5}},"line":30}},"branchMap":{"0":{"loc":{"start":{"line":17,"column":8},"end":{"line":24,"column":9}},"type":"if","locations":[{"start":{"line":17,"column":8},"end":{"line":24,"column":9}},{"start":{"line":17,"column":8},"end":{"line":24,"column":9}}],"line":17},"1":{"loc":{"start":{"line":17,"column":11},"end":{"line":17,"column":62}},"type":"binary-expr","locations":[{"start":{"line":17,"column":11},"end":{"line":17,"column":25}},{"start":{"line":17,"column":29},"end":{"line":17,"column":43}},{"start":{"line":17,"column":47},"end":{"line":17,"column":62}}],"line":17},"2":{"loc":{"start":{"line":31,"column":8},"end":{"line":35,"column":9}},"type":"if","locations":[{"start":{"line":31,"column":8},"end":{"line":35,"column":9}},{"start":{"line":31,"column":8},"end":{"line":35,"column":9}}],"line":31}},"s":{"0":1,"1":1,"2":1,"3":1,"4":10,"5":10,"6":10,"7":11,"8":11,"9":10,"10":1,"11":1,"12":1,"13":14,"14":14,"15":14,"16":1,"17":13,"18":1},"f":{"0":10,"1":10,"2":11,"3":14,"4":14},"b":{"0":[10,1],"1":[11,1,1],"2":[1,13]},"_coverageSchema":"1a1c01bbd47fc00a2c39e90264f33305004495a9","hash":"d2c0205344123a4d996b602bd337d099893dc5e7","contentHash":"73102b40d1f19ddc52b9f72a12ad65ebfa33dad0d659a5b652fe6a7503d3dc79"},"A:\\Fazztrack\\week12\\src\\routers\\products.js":{"path":"A:\\Fazztrack\\week12\\src\\routers\\products.js","statementMap":{"0":{"start":{"line":1,"column":16},"end":{"line":1,"column":34}},"1":{"start":{"line":4,"column":4},"end":{"line":4,"column":38}},"2":{"start":{"line":7,"column":23},"end":{"line":7,"column":39}},"3":{"start":{"line":8,"column":23},"end":{"line":8,"column":59}},"4":{"start":{"line":9,"column":22},"end":{"line":9,"column":57}},"5":{"start":{"line":10,"column":15},"end":{"line":10,"column":43}},"6":{"start":{"line":12,"column":0},"end":{"line":17,"column":67}},"7":{"start":{"line":19,"column":0},"end":{"line":19,"column":32}}},"fnMap":{},"branchMap":{},"s":{"0":1,"1":1,"2":1,"3":1,"4":1,"5":1,"6":1,"7":1},"f":{},"b":{},"_coverageSchema":"1a1c01bbd47fc00a2c39e90264f33305004495a9","hash":"6b619328fb4a06b2c6c9e6f94fcebe8dc0b16b12","contentHash":"507c41d365af2a83651519d20386021b9b3b57384ed5973f71fb4a716a2199bb"},"A:\\Fazztrack\\week12\\src\\controllers\\products.js":{"path":"A:\\Fazztrack\\week12\\src\\controllers\\products.js","statementMap":{"0":{"start":{"line":1,"column":22},"end":{"line":1,"column":56}},"1":{"start":{"line":2,"column":28},"end":{"line":2,"column":58}},"2":{"start":{"line":3,"column":10},"end":{"line":3,"column":27}},"3":{"start":{"line":4,"column":20},"end":{"line":4,"column":47}},"4":{"start":{"line":5,"column":14},"end":{"line":5,"column":30}},"5":{"start":{"line":6,"column":11},"end":{"line":6,"column":24}},"6":{"start":{"line":7,"column":15},"end":{"line":10,"column":2}},"7":{"start":{"line":11,"column":16},"end":{"line":180,"column":1}},"8":{"start":{"line":13,"column":4},"end":{"line":57,"column":5}},"9":{"start":{"line":14,"column":24},"end":{"line":14,"column":27}},"10":{"start":{"line":15,"column":21},"end":{"line":15,"column":67}},"11":{"start":{"line":16,"column":20},"end":{"line":16,"column":70}},"12":{"start":{"line":17,"column":23},"end":{"line":17,"column":68}},"13":{"start":{"line":18,"column":20},"end":{"line":18,"column":64}},"14":{"start":{"line":19,"column":19},"end":{"line":19,"column":60}},"15":{"start":{"line":20,"column":21},"end":{"line":20,"column":56}},"16":{"start":{"line":21,"column":6},"end":{"line":54,"column":9}},"17":{"start":{"line":22,"column":8},"end":{"line":53,"column":9}},"18":{"start":{"line":23,"column":10},"end":{"line":23,"column":32}},"19":{"start":{"line":24,"column":15},"end":{"line":53,"column":9}},"20":{"start":{"line":25,"column":10},"end":{"line":41,"column":15}},"21":{"start":{"line":28,"column":30},"end":{"line":28,"column":62}},"22":{"start":{"line":29,"column":31},"end":{"line":35,"column":15}},"23":{"start":{"line":36,"column":14},"end":{"line":36,"column":67}},"24":{"start":{"line":37,"column":14},"end":{"line":37,"column":61}},"25":{"start":{"line":40,"column":14},"end":{"line":40,"column":36}},"26":{"start":{"line":43,"column":27},"end":{"line":43,"column":45}},"27":{"start":{"line":44,"column":29},"end":{"line":46,"column":11}},"28":{"start":{"line":45,"column":12},"end":{"line":45,"column":42}},"29":{"start":{"line":47,"column":28},"end":{"line":47,"column":71}},"30":{"start":{"line":48,"column":25},"end":{"line":51,"column":11}},"31":{"start":{"line":52,"column":10},"end":{"line":52,"column":42}},"32":{"start":{"line":56,"column":6},"end":{"line":56,"column":30}},"33":{"start":{"line":60,"column":4},"end":{"line":72,"column":5}},"34":{"start":{"line":61,"column":21},"end":{"line":61,"column":31}},"35":{"start":{"line":62,"column":6},"end":{"line":69,"column":11}},"36":{"start":{"line":65,"column":10},"end":{"line":65,"column":59}},"37":{"start":{"line":68,"column":10},"end":{"line":68,"column":32}},"38":{"start":{"line":71,"column":6},"end":{"line":71,"column":30}},"39":{"start":{"line":75,"column":4},"end":{"line":91,"column":5}},"40":{"start":{"line":76,"column":23},"end":{"line":76,"column":26}},"41":{"start":{"line":77,"column":20},"end":{"line":77,"column":37}},"42":{"start":{"line":78,"column":6},"end":{"line":86,"column":11}},"43":{"start":{"line":81,"column":10},"end":{"line":81,"column":33}},"44":{"start":{"line":82,"column":10},"end":{"line":82,"column":66}},"45":{"start":{"line":85,"column":10},"end":{"line":85,"column":44}},"46":{"start":{"line":89,"column":6},"end":{"line":89,"column":42}},"47":{"start":{"line":94,"column":4},"end":{"line":125,"column":5}},"48":{"start":{"line":95,"column":21},"end":{"line":95,"column":31}},"49":{"start":{"line":96,"column":23},"end":{"line":96,"column":26}},"50":{"start":{"line":97,"column":20},"end":{"line":97,"column":37}},"51":{"start":{"line":98,"column":6},"end":{"line":120,"column":11}},"52":{"start":{"line":101,"column":10},"end":{"line":116,"column":15}},"53":{"start":{"line":104,"column":14},"end":{"line":104,"column":37}},"54":{"start":{"line":105,"column":14},"end":{"line":111,"column":16}},"55":{"start":{"line":106,"column":16},"end":{"line":110,"column":17}},"56":{"start":{"line":107,"column":18},"end":{"line":107,"column":51}},"57":{"start":{"line":109,"column":18},"end":{"line":109,"column":59}},"58":{"start":{"line":114,"column":14},"end":{"line":114,"column":48}},"59":{"start":{"line":119,"column":10},"end":{"line":119,"column":44}},"60":{"start":{"line":123,"column":6},"end":{"line":123,"column":42}},"61":{"start":{"line":128,"column":4},"end":{"line":157,"column":5}},"62":{"start":{"line":129,"column":21},"end":{"line":129,"column":31}},"63":{"start":{"line":130,"column":6},"end":{"line":154,"column":11}},"64":{"start":{"line":133,"column":12},"end":{"line":148,"column":17}},"65":{"start":{"line":136,"column":16},"end":{"line":136,"column":39}},"66":{"start":{"line":137,"column":16},"end":{"line":143,"column":19}},"67":{"start":{"line":138,"column":18},"end":{"line":142,"column":19}},"68":{"start":{"line":139,"column":20},"end":{"line":139,"column":54}},"69":{"start":{"line":141,"column":20},"end":{"line":141,"column":62}},"70":{"start":{"line":146,"column":16},"end":{"line":146,"column":52}},"71":{"start":{"line":153,"column":10},"end":{"line":153,"column":32}},"72":{"start":{"line":156,"column":6},"end":{"line":156,"column":30}},"73":{"start":{"line":182,"column":0},"end":{"line":182,"column":25}}},"fnMap":{"0":{"name":"(anonymous_0)","decl":{"start":{"line":12,"column":11},"end":{"line":12,"column":12}},"loc":{"start":{"line":12,"column":25},"end":{"line":58,"column":3}},"line":12},"1":{"name":"(anonymous_1)","decl":{"start":{"line":21,"column":29},"end":{"line":21,"column":30}},"loc":{"start":{"line":21,"column":46},"end":{"line":54,"column":7}},"line":21},"2":{"name":"(anonymous_2)","decl":{"start":{"line":27,"column":18},"end":{"line":27,"column":19}},"loc":{"start":{"line":27,"column":34},"end":{"line":38,"column":13}},"line":27},"3":{"name":"(anonymous_3)","decl":{"start":{"line":39,"column":19},"end":{"line":39,"column":20}},"loc":{"start":{"line":39,"column":28},"end":{"line":41,"column":13}},"line":39},"4":{"name":"(anonymous_4)","decl":{"start":{"line":44,"column":48},"end":{"line":44,"column":49}},"loc":{"start":{"line":45,"column":12},"end":{"line":45,"column":42}},"line":45},"5":{"name":"(anonymous_5)","decl":{"start":{"line":59,"column":14},"end":{"line":59,"column":15}},"loc":{"start":{"line":59,"column":28},"end":{"line":73,"column":3}},"line":59},"6":{"name":"(anonymous_6)","decl":{"start":{"line":64,"column":14},"end":{"line":64,"column":15}},"loc":{"start":{"line":64,"column":26},"end":{"line":66,"column":9}},"line":64},"7":{"name":"(anonymous_7)","decl":{"start":{"line":67,"column":15},"end":{"line":67,"column":16}},"loc":{"start":{"line":67,"column":24},"end":{"line":69,"column":9}},"line":67},"8":{"name":"(anonymous_8)","decl":{"start":{"line":74,"column":10},"end":{"line":74,"column":11}},"loc":{"start":{"line":74,"column":24},"end":{"line":92,"column":3}},"line":74},"9":{"name":"(anonymous_9)","decl":{"start":{"line":80,"column":14},"end":{"line":80,"column":15}},"loc":{"start":{"line":80,"column":26},"end":{"line":83,"column":9}},"line":80},"10":{"name":"(anonymous_10)","decl":{"start":{"line":84,"column":15},"end":{"line":84,"column":16}},"loc":{"start":{"line":84,"column":24},"end":{"line":86,"column":9}},"line":84},"11":{"name":"(anonymous_11)","decl":{"start":{"line":93,"column":10},"end":{"line":93,"column":11}},"loc":{"start":{"line":93,"column":24},"end":{"line":126,"column":3}},"line":93},"12":{"name":"(anonymous_12)","decl":{"start":{"line":100,"column":14},"end":{"line":100,"column":15}},"loc":{"start":{"line":100,"column":26},"end":{"line":117,"column":9}},"line":100},"13":{"name":"(anonymous_13)","decl":{"start":{"line":103,"column":18},"end":{"line":103,"column":19}},"loc":{"start":{"line":103,"column":28},"end":{"line":112,"column":13}},"line":103},"14":{"name":"(anonymous_14)","decl":{"start":{"line":105,"column":56},"end":{"line":105,"column":57}},"loc":{"start":{"line":105,"column":63},"end":{"line":111,"column":15}},"line":105},"15":{"name":"(anonymous_15)","decl":{"start":{"line":113,"column":19},"end":{"line":113,"column":20}},"loc":{"start":{"line":113,"column":28},"end":{"line":116,"column":13}},"line":113},"16":{"name":"(anonymous_16)","decl":{"start":{"line":118,"column":15},"end":{"line":118,"column":16}},"loc":{"start":{"line":118,"column":24},"end":{"line":120,"column":9}},"line":118},"17":{"name":"(anonymous_17)","decl":{"start":{"line":127,"column":11},"end":{"line":127,"column":12}},"loc":{"start":{"line":127,"column":25},"end":{"line":158,"column":3}},"line":127},"18":{"name":"(anonymous_18)","decl":{"start":{"line":132,"column":14},"end":{"line":132,"column":15}},"loc":{"start":{"line":132,"column":26},"end":{"line":151,"column":9}},"line":132},"19":{"name":"(anonymous_19)","decl":{"start":{"line":135,"column":20},"end":{"line":135,"column":21}},"loc":{"start":{"line":135,"column":30},"end":{"line":144,"column":15}},"line":135},"20":{"name":"(anonymous_20)","decl":{"start":{"line":137,"column":58},"end":{"line":137,"column":59}},"loc":{"start":{"line":137,"column":67},"end":{"line":143,"column":17}},"line":137},"21":{"name":"(anonymous_21)","decl":{"start":{"line":145,"column":21},"end":{"line":145,"column":22}},"loc":{"start":{"line":145,"column":32},"end":{"line":148,"column":15}},"line":145},"22":{"name":"(anonymous_22)","decl":{"start":{"line":152,"column":15},"end":{"line":152,"column":16}},"loc":{"start":{"line":152,"column":24},"end":{"line":154,"column":9}},"line":152}},"branchMap":{"0":{"loc":{"start":{"line":15,"column":21},"end":{"line":15,"column":67}},"type":"cond-expr","locations":[{"start":{"line":15,"column":50},"end":{"line":15,"column":52}},{"start":{"line":15,"column":55},"end":{"line":15,"column":67}}],"line":15},"1":{"loc":{"start":{"line":16,"column":20},"end":{"line":16,"column":70}},"type":"cond-expr","locations":[{"start":{"line":16,"column":48},"end":{"line":16,"column":56}},{"start":{"line":16,"column":59},"end":{"line":16,"column":70}}],"line":16},"2":{"loc":{"start":{"line":17,"column":23},"end":{"line":17,"column":68}},"type":"cond-expr","locations":[{"start":{"line":17,"column":50},"end":{"line":17,"column":55}},{"start":{"line":17,"column":58},"end":{"line":17,"column":68}}],"line":17},"3":{"loc":{"start":{"line":18,"column":20},"end":{"line":18,"column":64}},"type":"cond-expr","locations":[{"start":{"line":18,"column":48},"end":{"line":18,"column":50}},{"start":{"line":18,"column":53},"end":{"line":18,"column":64}}],"line":18},"4":{"loc":{"start":{"line":19,"column":19},"end":{"line":19,"column":60}},"type":"cond-expr","locations":[{"start":{"line":19,"column":46},"end":{"line":19,"column":47}},{"start":{"line":19,"column":50},"end":{"line":19,"column":60}}],"line":19},"5":{"loc":{"start":{"line":20,"column":21},"end":{"line":20,"column":56}},"type":"cond-expr","locations":[{"start":{"line":20,"column":34},"end":{"line":20,"column":35}},{"start":{"line":20,"column":38},"end":{"line":20,"column":56}}],"line":20},"6":{"loc":{"start":{"line":22,"column":8},"end":{"line":53,"column":9}},"type":"if","locations":[{"start":{"line":22,"column":8},"end":{"line":53,"column":9}},{"start":{"line":22,"column":8},"end":{"line":53,"column":9}}],"line":22},"7":{"loc":{"start":{"line":24,"column":15},"end":{"line":53,"column":9}},"type":"if","locations":[{"start":{"line":24,"column":15},"end":{"line":53,"column":9}},{"start":{"line":24,"column":15},"end":{"line":53,"column":9}}],"line":24},"8":{"loc":{"start":{"line":106,"column":16},"end":{"line":110,"column":17}},"type":"if","locations":[{"start":{"line":106,"column":16},"end":{"line":110,"column":17}},{"start":{"line":106,"column":16},"end":{"line":110,"column":17}}],"line":106},"9":{"loc":{"start":{"line":138,"column":18},"end":{"line":142,"column":19}},"type":"if","locations":[{"start":{"line":138,"column":18},"end":{"line":142,"column":19}},{"start":{"line":138,"column":18},"end":{"line":142,"column":19}}],"line":138}},"s":{"0":1,"1":1,"2":1,"3":1,"4":1,"5":1,"6":1,"7":1,"8":1,"9":1,"10":1,"11":1,"12":1,"13":1,"14":1,"15":1,"16":1,"17":1,"18":0,"19":1,"20":1,"21":1,"22":1,"23":1,"24":1,"25":0,"26":0,"27":0,"28":0,"29":0,"30":0,"31":0,"32":0,"33":0,"34":0,"35":0,"36":0,"37":0,"38":0,"39":3,"40":3,"41":3,"42":2,"43":1,"44":1,"45":1,"46":1,"47":3,"48":3,"49":3,"50":3,"51":2,"52":2,"53":1,"54":1,"55":1,"56":0,"57":1,"58":1,"59":0,"60":1,"61":2,"62":2,"63":2,"64":2,"65":2,"66":2,"67":1,"68":0,"69":1,"70":1,"71":0,"72":0,"73":1},"f":{"0":1,"1":1,"2":1,"3":0,"4":0,"5":0,"6":0,"7":0,"8":3,"9":1,"10":1,"11":3,"12":2,"13":1,"14":1,"15":1,"16":0,"17":2,"18":2,"19":2,"20":1,"21":1,"22":0},"b":{"0":[1,0],"1":[1,0],"2":[1,0],"3":[1,0],"4":[1,0],"5":[1,0],"6":[0,1],"7":[1,0],"8":[0,1],"9":[0,1]},"_coverageSchema":"1a1c01bbd47fc00a2c39e90264f33305004495a9","hash":"7e51aac70d1650d5b0bc1b021db2b1c6e1349239","contentHash":"f5f8354a4937a9bfea343d9da7e35a641d21285d4d57027969f1634c4d196927"},"A:\\Fazztrack\\week12\\src\\models\\productsmodel.js":{"path":"A:\\Fazztrack\\week12\\src\\models\\productsmodel.js","statementMap":{"0":{"start":{"line":1,"column":11},"end":{"line":1,"column":34}},"1":{"start":{"line":3,"column":22},"end":{"line":73,"column":1}},"2":{"start":{"line":4,"column":20},"end":{"line":16,"column":4}},"3":{"start":{"line":5,"column":4},"end":{"line":15,"column":6}},"4":{"start":{"line":9,"column":8},"end":{"line":13,"column":9}},"5":{"start":{"line":10,"column":10},"end":{"line":10,"column":22}},"6":{"start":{"line":12,"column":10},"end":{"line":12,"column":26}},"7":{"start":{"line":17,"column":55},"end":{"line":27,"column":4}},"8":{"start":{"line":18,"column":4},"end":{"line":26,"column":7}},"9":{"start":{"line":21,"column":6},"end":{"line":25,"column":7}},"10":{"start":{"line":22,"column":8},"end":{"line":22,"column":20}},"11":{"start":{"line":24,"column":8},"end":{"line":24,"column":24}},"12":{"start":{"line":28,"column":22},"end":{"line":37,"column":4}},"13":{"start":{"line":29,"column":4},"end":{"line":36,"column":7}},"14":{"start":{"line":31,"column":6},"end":{"line":35,"column":7}},"15":{"start":{"line":32,"column":8},"end":{"line":32,"column":20}},"16":{"start":{"line":34,"column":8},"end":{"line":34,"column":24}},"17":{"start":{"line":38,"column":26},"end":{"line":50,"column":4}},"18":{"start":{"line":39,"column":60},"end":{"line":39,"column":64}},"19":{"start":{"line":40,"column":4},"end":{"line":49,"column":6}},"20":{"start":{"line":43,"column":8},"end":{"line":47,"column":9}},"21":{"start":{"line":44,"column":10},"end":{"line":44,"column":22}},"22":{"start":{"line":46,"column":10},"end":{"line":46,"column":26}},"23":{"start":{"line":51,"column":31},"end":{"line":62,"column":4}},"24":{"start":{"line":54,"column":8},"end":{"line":54,"column":12}},"25":{"start":{"line":55,"column":4},"end":{"line":61,"column":7}},"26":{"start":{"line":56,"column":6},"end":{"line":60,"column":7}},"27":{"start":{"line":57,"column":8},"end":{"line":57,"column":20}},"28":{"start":{"line":59,"column":8},"end":{"line":59,"column":24}},"29":{"start":{"line":63,"column":19},"end":{"line":71,"column":4}},"30":{"start":{"line":64,"column":4},"end":{"line":70,"column":7}},"31":{"start":{"line":65,"column":6},"end":{"line":69,"column":7}},"32":{"start":{"line":66,"column":8},"end":{"line":66,"column":20}},"33":{"start":{"line":68,"column":8},"end":{"line":68,"column":24}},"34":{"start":{"line":75,"column":0},"end":{"line":75,"column":31}}},"fnMap":{"0":{"name":"(anonymous_0)","decl":{"start":{"line":4,"column":14},"end":{"line":4,"column":15}},"loc":{"start":{"line":4,"column":20},"end":{"line":16,"column":4}},"line":4},"1":{"name":"(anonymous_1)","decl":{"start":{"line":4,"column":32},"end":{"line":4,"column":33}},"loc":{"start":{"line":4,"column":53},"end":{"line":16,"column":3}},"line":4},"2":{"name":"(anonymous_2)","decl":{"start":{"line":8,"column":6},"end":{"line":8,"column":7}},"loc":{"start":{"line":8,"column":23},"end":{"line":14,"column":7}},"line":8},"3":{"name":"(anonymous_3)","decl":{"start":{"line":17,"column":11},"end":{"line":17,"column":12}},"loc":{"start":{"line":17,"column":55},"end":{"line":27,"column":4}},"line":17},"4":{"name":"(anonymous_4)","decl":{"start":{"line":17,"column":67},"end":{"line":17,"column":68}},"loc":{"start":{"line":17,"column":88},"end":{"line":27,"column":3}},"line":17},"5":{"name":"(anonymous_5)","decl":{"start":{"line":20,"column":118},"end":{"line":20,"column":119}},"loc":{"start":{"line":20,"column":135},"end":{"line":26,"column":5}},"line":20},"6":{"name":"(anonymous_6)","decl":{"start":{"line":28,"column":14},"end":{"line":28,"column":15}},"loc":{"start":{"line":28,"column":22},"end":{"line":37,"column":4}},"line":28},"7":{"name":"(anonymous_7)","decl":{"start":{"line":28,"column":34},"end":{"line":28,"column":35}},"loc":{"start":{"line":28,"column":55},"end":{"line":37,"column":3}},"line":28},"8":{"name":"(anonymous_8)","decl":{"start":{"line":30,"column":115},"end":{"line":30,"column":116}},"loc":{"start":{"line":30,"column":132},"end":{"line":36,"column":5}},"line":30},"9":{"name":"(anonymous_9)","decl":{"start":{"line":38,"column":10},"end":{"line":38,"column":11}},"loc":{"start":{"line":38,"column":26},"end":{"line":50,"column":4}},"line":38},"10":{"name":"(anonymous_10)","decl":{"start":{"line":38,"column":38},"end":{"line":38,"column":39}},"loc":{"start":{"line":38,"column":59},"end":{"line":50,"column":3}},"line":38},"11":{"name":"(anonymous_11)","decl":{"start":{"line":42,"column":6},"end":{"line":42,"column":7}},"loc":{"start":{"line":42,"column":23},"end":{"line":48,"column":7}},"line":42},"12":{"name":"(anonymous_12)","decl":{"start":{"line":51,"column":10},"end":{"line":51,"column":11}},"loc":{"start":{"line":51,"column":31},"end":{"line":62,"column":4}},"line":51},"13":{"name":"(anonymous_13)","decl":{"start":{"line":51,"column":43},"end":{"line":51,"column":44}},"loc":{"start":{"line":51,"column":64},"end":{"line":62,"column":3}},"line":51},"14":{"name":"(anonymous_14)","decl":{"start":{"line":55,"column":178},"end":{"line":55,"column":179}},"loc":{"start":{"line":55,"column":195},"end":{"line":61,"column":5}},"line":55},"15":{"name":"(anonymous_15)","decl":{"start":{"line":63,"column":11},"end":{"line":63,"column":12}},"loc":{"start":{"line":63,"column":19},"end":{"line":71,"column":4}},"line":63},"16":{"name":"(anonymous_16)","decl":{"start":{"line":63,"column":31},"end":{"line":63,"column":32}},"loc":{"start":{"line":63,"column":52},"end":{"line":71,"column":3}},"line":63},"17":{"name":"(anonymous_17)","decl":{"start":{"line":64,"column":56},"end":{"line":64,"column":57}},"loc":{"start":{"line":64,"column":73},"end":{"line":70,"column":5}},"line":64}},"branchMap":{"0":{"loc":{"start":{"line":9,"column":8},"end":{"line":13,"column":9}},"type":"if","locations":[{"start":{"line":9,"column":8},"end":{"line":13,"column":9}},{"start":{"line":9,"column":8},"end":{"line":13,"column":9}}],"line":9},"1":{"loc":{"start":{"line":21,"column":6},"end":{"line":25,"column":7}},"type":"if","locations":[{"start":{"line":21,"column":6},"end":{"line":25,"column":7}},{"start":{"line":21,"column":6},"end":{"line":25,"column":7}}],"line":21},"2":{"loc":{"start":{"line":31,"column":6},"end":{"line":35,"column":7}},"type":"if","locations":[{"start":{"line":31,"column":6},"end":{"line":35,"column":7}},{"start":{"line":31,"column":6},"end":{"line":35,"column":7}}],"line":31},"3":{"loc":{"start":{"line":43,"column":8},"end":{"line":47,"column":9}},"type":"if","locations":[{"start":{"line":43,"column":8},"end":{"line":47,"column":9}},{"start":{"line":43,"column":8},"end":{"line":47,"column":9}}],"line":43},"4":{"loc":{"start":{"line":56,"column":6},"end":{"line":60,"column":7}},"type":"if","locations":[{"start":{"line":56,"column":6},"end":{"line":60,"column":7}},{"start":{"line":56,"column":6},"end":{"line":60,"column":7}}],"line":56},"5":{"loc":{"start":{"line":65,"column":6},"end":{"line":69,"column":7}},"type":"if","locations":[{"start":{"line":65,"column":6},"end":{"line":69,"column":7}},{"start":{"line":65,"column":6},"end":{"line":69,"column":7}}],"line":65}},"s":{"0":1,"1":1,"2":1,"3":1,"4":1,"5":0,"6":1,"7":1,"8":1,"9":1,"10":0,"11":1,"12":4,"13":4,"14":4,"15":0,"16":4,"17":2,"18":2,"19":2,"20":2,"21":1,"22":1,"23":2,"24":2,"25":2,"26":2,"27":1,"28":1,"29":2,"30":2,"31":2,"32":0,"33":2,"34":1},"f":{"0":1,"1":1,"2":1,"3":1,"4":1,"5":1,"6":4,"7":4,"8":4,"9":2,"10":2,"11":2,"12":2,"13":2,"14":2,"15":2,"16":2,"17":2},"b":{"0":[0,1],"1":[0,1],"2":[0,4],"3":[1,1],"4":[1,1],"5":[0,2]},"_coverageSchema":"1a1c01bbd47fc00a2c39e90264f33305004495a9","hash":"cae18ddf9ded32203c08f8086e0620db97bb307a","contentHash":"d28c073282c884caaf8ccebadf7febbfc49b70ff0a0037ce24a574c0910938b8"},"A:\\Fazztrack\\week12\\src\\routers\\category.js":{"path":"A:\\Fazztrack\\week12\\src\\routers\\category.js","statementMap":{"0":{"start":{"line":1,"column":16},"end":{"line":1,"column":34}},"1":{"start":{"line":4,"column":4},"end":{"line":4,"column":38}},"2":{"start":{"line":6,"column":23},"end":{"line":6,"column":59}},"3":{"start":{"line":7,"column":22},"end":{"line":7,"column":57}},"4":{"start":{"line":9,"column":23},"end":{"line":9,"column":39}},"5":{"start":{"line":11,"column":0},"end":{"line":16,"column":61}},"6":{"start":{"line":18,"column":0},"end":{"line":18,"column":32}}},"fnMap":{},"branchMap":{},"s":{"0":1,"1":1,"2":1,"3":1,"4":1,"5":1,"6":1},"f":{},"b":{},"_coverageSchema":"1a1c01bbd47fc00a2c39e90264f33305004495a9","hash":"dde984e7094f37cd0ea923f62d37b3f8c5049149","contentHash":"9f305c33ae8117133bcb0935b5143ecc4326c3d6cb1dcdeba9f5adc18b99face"},"A:\\Fazztrack\\week12\\src\\controllers\\category.js":{"path":"A:\\Fazztrack\\week12\\src\\controllers\\category.js","statementMap":{"0":{"start":{"line":1,"column":22},"end":{"line":1,"column":56}},"1":{"start":{"line":2,"column":28},"end":{"line":2,"column":58}},"2":{"start":{"line":4,"column":17},"end":{"line":90,"column":1}},"3":{"start":{"line":6,"column":4},"end":{"line":28,"column":5}},"4":{"start":{"line":7,"column":24},"end":{"line":7,"column":27}},"5":{"start":{"line":8,"column":21},"end":{"line":8,"column":67}},"6":{"start":{"line":9,"column":20},"end":{"line":9,"column":66}},"7":{"start":{"line":10,"column":23},"end":{"line":10,"column":68}},"8":{"start":{"line":11,"column":20},"end":{"line":11,"column":64}},"9":{"start":{"line":12,"column":21},"end":{"line":12,"column":96}},"10":{"start":{"line":13,"column":6},"end":{"line":24,"column":9}},"11":{"start":{"line":14,"column":24},"end":{"line":14,"column":56}},"12":{"start":{"line":15,"column":25},"end":{"line":19,"column":9}},"13":{"start":{"line":20,"column":8},"end":{"line":20,"column":42}},"14":{"start":{"line":22,"column":8},"end":{"line":22,"column":30}},"15":{"start":{"line":26,"column":6},"end":{"line":26,"column":30}},"16":{"start":{"line":31,"column":4},"end":{"line":43,"column":5}},"17":{"start":{"line":32,"column":21},"end":{"line":32,"column":31}},"18":{"start":{"line":33,"column":6},"end":{"line":39,"column":9}},"19":{"start":{"line":34,"column":8},"end":{"line":34,"column":40}},"20":{"start":{"line":37,"column":8},"end":{"line":37,"column":30}},"21":{"start":{"line":41,"column":6},"end":{"line":41,"column":30}},"22":{"start":{"line":46,"column":4},"end":{"line":58,"column":5}},"23":{"start":{"line":47,"column":23},"end":{"line":47,"column":26}},"24":{"start":{"line":48,"column":6},"end":{"line":54,"column":9}},"25":{"start":{"line":49,"column":8},"end":{"line":49,"column":40}},"26":{"start":{"line":52,"column":8},"end":{"line":52,"column":30}},"27":{"start":{"line":56,"column":6},"end":{"line":56,"column":30}},"28":{"start":{"line":61,"column":4},"end":{"line":74,"column":5}},"29":{"start":{"line":62,"column":21},"end":{"line":62,"column":31}},"30":{"start":{"line":63,"column":23},"end":{"line":63,"column":26}},"31":{"start":{"line":64,"column":6},"end":{"line":70,"column":9}},"32":{"start":{"line":65,"column":8},"end":{"line":65,"column":40}},"33":{"start":{"line":68,"column":8},"end":{"line":68,"column":30}},"34":{"start":{"line":72,"column":6},"end":{"line":72,"column":30}},"35":{"start":{"line":77,"column":4},"end":{"line":88,"column":5}},"36":{"start":{"line":78,"column":21},"end":{"line":78,"column":31}},"37":{"start":{"line":79,"column":6},"end":{"line":85,"column":9}},"38":{"start":{"line":80,"column":8},"end":{"line":80,"column":40}},"39":{"start":{"line":83,"column":8},"end":{"line":83,"column":32}},"40":{"start":{"line":87,"column":6},"end":{"line":87,"column":30}},"41":{"start":{"line":91,"column":0},"end":{"line":91,"column":26}}},"fnMap":{"0":{"name":"(anonymous_0)","decl":{"start":{"line":5,"column":11},"end":{"line":5,"column":12}},"loc":{"start":{"line":5,"column":25},"end":{"line":29,"column":3}},"line":5},"1":{"name":"(anonymous_1)","decl":{"start":{"line":13,"column":73},"end":{"line":13,"column":74}},"loc":{"start":{"line":13,"column":91},"end":{"line":21,"column":7}},"line":13},"2":{"name":"(anonymous_2)","decl":{"start":{"line":21,"column":15},"end":{"line":21,"column":16}},"loc":{"start":{"line":21,"column":24},"end":{"line":24,"column":7}},"line":21},"3":{"name":"(anonymous_3)","decl":{"start":{"line":30,"column":14},"end":{"line":30,"column":15}},"loc":{"start":{"line":30,"column":28},"end":{"line":44,"column":3}},"line":30},"4":{"name":"(anonymous_4)","decl":{"start":{"line":33,"column":40},"end":{"line":33,"column":41}},"loc":{"start":{"line":33,"column":52},"end":{"line":36,"column":7}},"line":33},"5":{"name":"(anonymous_5)","decl":{"start":{"line":36,"column":15},"end":{"line":36,"column":16}},"loc":{"start":{"line":36,"column":24},"end":{"line":39,"column":7}},"line":36},"6":{"name":"(anonymous_6)","decl":{"start":{"line":45,"column":10},"end":{"line":45,"column":11}},"loc":{"start":{"line":45,"column":24},"end":{"line":59,"column":3}},"line":45},"7":{"name":"(anonymous_7)","decl":{"start":{"line":48,"column":38},"end":{"line":48,"column":39}},"loc":{"start":{"line":48,"column":50},"end":{"line":51,"column":7}},"line":48},"8":{"name":"(anonymous_8)","decl":{"start":{"line":51,"column":15},"end":{"line":51,"column":16}},"loc":{"start":{"line":51,"column":24},"end":{"line":54,"column":7}},"line":51},"9":{"name":"(anonymous_9)","decl":{"start":{"line":60,"column":10},"end":{"line":60,"column":11}},"loc":{"start":{"line":60,"column":24},"end":{"line":75,"column":3}},"line":60},"10":{"name":"(anonymous_10)","decl":{"start":{"line":64,"column":42},"end":{"line":64,"column":43}},"loc":{"start":{"line":64,"column":54},"end":{"line":67,"column":7}},"line":64},"11":{"name":"(anonymous_11)","decl":{"start":{"line":67,"column":15},"end":{"line":67,"column":16}},"loc":{"start":{"line":67,"column":24},"end":{"line":70,"column":7}},"line":67},"12":{"name":"(anonymous_12)","decl":{"start":{"line":76,"column":11},"end":{"line":76,"column":12}},"loc":{"start":{"line":76,"column":25},"end":{"line":89,"column":3}},"line":76},"13":{"name":"(anonymous_13)","decl":{"start":{"line":79,"column":37},"end":{"line":79,"column":38}},"loc":{"start":{"line":79,"column":49},"end":{"line":82,"column":7}},"line":79},"14":{"name":"(anonymous_14)","decl":{"start":{"line":82,"column":15},"end":{"line":82,"column":16}},"loc":{"start":{"line":82,"column":26},"end":{"line":85,"column":7}},"line":82}},"branchMap":{"0":{"loc":{"start":{"line":8,"column":21},"end":{"line":8,"column":67}},"type":"cond-expr","locations":[{"start":{"line":8,"column":50},"end":{"line":8,"column":52}},{"start":{"line":8,"column":55},"end":{"line":8,"column":67}}],"line":8},"1":{"loc":{"start":{"line":9,"column":20},"end":{"line":9,"column":66}},"type":"cond-expr","locations":[{"start":{"line":9,"column":48},"end":{"line":9,"column":52}},{"start":{"line":9,"column":55},"end":{"line":9,"column":66}}],"line":9},"2":{"loc":{"start":{"line":10,"column":23},"end":{"line":10,"column":68}},"type":"cond-expr","locations":[{"start":{"line":10,"column":50},"end":{"line":10,"column":55}},{"start":{"line":10,"column":58},"end":{"line":10,"column":68}}],"line":10},"3":{"loc":{"start":{"line":11,"column":20},"end":{"line":11,"column":64}},"type":"cond-expr","locations":[{"start":{"line":11,"column":48},"end":{"line":11,"column":50}},{"start":{"line":11,"column":53},"end":{"line":11,"column":64}}],"line":11},"4":{"loc":{"start":{"line":12,"column":21},"end":{"line":12,"column":96}},"type":"cond-expr","locations":[{"start":{"line":12,"column":68},"end":{"line":12,"column":69}},{"start":{"line":12,"column":72},"end":{"line":12,"column":96}}],"line":12},"5":{"loc":{"start":{"line":12,"column":21},"end":{"line":12,"column":65}},"type":"binary-expr","locations":[{"start":{"line":12,"column":21},"end":{"line":12,"column":45}},{"start":{"line":12,"column":49},"end":{"line":12,"column":65}}],"line":12}},"s":{"0":1,"1":1,"2":1,"3":1,"4":1,"5":1,"6":1,"7":1,"8":1,"9":1,"10":1,"11":1,"12":1,"13":1,"14":0,"15":0,"16":1,"17":1,"18":1,"19":1,"20":0,"21":0,"22":1,"23":1,"24":1,"25":1,"26":0,"27":0,"28":1,"29":1,"30":1,"31":1,"32":1,"33":0,"34":0,"35":1,"36":1,"37":1,"38":1,"39":0,"40":0,"41":1},"f":{"0":1,"1":1,"2":0,"3":1,"4":1,"5":0,"6":1,"7":1,"8":0,"9":1,"10":1,"11":0,"12":1,"13":1,"14":0},"b":{"0":[1,0],"1":[1,0],"2":[1,0],"3":[1,0],"4":[1,0],"5":[1,0]},"_coverageSchema":"1a1c01bbd47fc00a2c39e90264f33305004495a9","hash":"9f47183011f43c5087cd3fc82292e3bb47cc06be","contentHash":"ee188330a490e82ce8d25deb1e16668d5b6b043178a5450bc83c0557f73177d8"},"A:\\Fazztrack\\week12\\src\\models\\categorymodel.js":{"path":"A:\\Fazztrack\\week12\\src\\models\\categorymodel.js","statementMap":{"0":{"start":{"line":1,"column":11},"end":{"line":1,"column":34}},"1":{"start":{"line":3,"column":22},"end":{"line":61,"column":1}},"2":{"start":{"line":4,"column":20},"end":{"line":12,"column":4}},"3":{"start":{"line":5,"column":4},"end":{"line":11,"column":7}},"4":{"start":{"line":6,"column":6},"end":{"line":10,"column":7}},"5":{"start":{"line":7,"column":8},"end":{"line":7,"column":20}},"6":{"start":{"line":9,"column":8},"end":{"line":9,"column":24}},"7":{"start":{"line":13,"column":55},"end":{"line":21,"column":4}},"8":{"start":{"line":14,"column":4},"end":{"line":20,"column":7}},"9":{"start":{"line":15,"column":6},"end":{"line":19,"column":7}},"10":{"start":{"line":16,"column":8},"end":{"line":16,"column":20}},"11":{"start":{"line":18,"column":8},"end":{"line":18,"column":24}},"12":{"start":{"line":22,"column":22},"end":{"line":30,"column":4}},"13":{"start":{"line":23,"column":4},"end":{"line":29,"column":7}},"14":{"start":{"line":24,"column":6},"end":{"line":28,"column":7}},"15":{"start":{"line":25,"column":8},"end":{"line":25,"column":20}},"16":{"start":{"line":27,"column":8},"end":{"line":27,"column":24}},"17":{"start":{"line":31,"column":20},"end":{"line":40,"column":4}},"18":{"start":{"line":32,"column":25},"end":{"line":32,"column":29}},"19":{"start":{"line":33,"column":4},"end":{"line":39,"column":7}},"20":{"start":{"line":34,"column":6},"end":{"line":38,"column":7}},"21":{"start":{"line":35,"column":8},"end":{"line":35,"column":20}},"22":{"start":{"line":37,"column":8},"end":{"line":37,"column":24}},"23":{"start":{"line":41,"column":24},"end":{"line":51,"column":4}},"24":{"start":{"line":42,"column":25},"end":{"line":42,"column":29}},"25":{"start":{"line":43,"column":4},"end":{"line":50,"column":7}},"26":{"start":{"line":44,"column":6},"end":{"line":49,"column":7}},"27":{"start":{"line":45,"column":8},"end":{"line":45,"column":20}},"28":{"start":{"line":47,"column":8},"end":{"line":47,"column":24}},"29":{"start":{"line":52,"column":19},"end":{"line":60,"column":4}},"30":{"start":{"line":53,"column":4},"end":{"line":59,"column":7}},"31":{"start":{"line":54,"column":6},"end":{"line":58,"column":7}},"32":{"start":{"line":55,"column":8},"end":{"line":55,"column":20}},"33":{"start":{"line":57,"column":8},"end":{"line":57,"column":24}},"34":{"start":{"line":62,"column":0},"end":{"line":62,"column":31}}},"fnMap":{"0":{"name":"(anonymous_0)","decl":{"start":{"line":4,"column":14},"end":{"line":4,"column":15}},"loc":{"start":{"line":4,"column":20},"end":{"line":12,"column":4}},"line":4},"1":{"name":"(anonymous_1)","decl":{"start":{"line":4,"column":32},"end":{"line":4,"column":33}},"loc":{"start":{"line":4,"column":53},"end":{"line":12,"column":3}},"line":4},"2":{"name":"(anonymous_2)","decl":{"start":{"line":5,"column":43},"end":{"line":5,"column":44}},"loc":{"start":{"line":5,"column":60},"end":{"line":11,"column":5}},"line":5},"3":{"name":"(anonymous_3)","decl":{"start":{"line":13,"column":11},"end":{"line":13,"column":12}},"loc":{"start":{"line":13,"column":55},"end":{"line":21,"column":4}},"line":13},"4":{"name":"(anonymous_4)","decl":{"start":{"line":13,"column":67},"end":{"line":13,"column":68}},"loc":{"start":{"line":13,"column":88},"end":{"line":21,"column":3}},"line":13},"5":{"name":"(anonymous_5)","decl":{"start":{"line":14,"column":139},"end":{"line":14,"column":140}},"loc":{"start":{"line":14,"column":156},"end":{"line":20,"column":5}},"line":14},"6":{"name":"(anonymous_6)","decl":{"start":{"line":22,"column":14},"end":{"line":22,"column":15}},"loc":{"start":{"line":22,"column":22},"end":{"line":30,"column":4}},"line":22},"7":{"name":"(anonymous_7)","decl":{"start":{"line":22,"column":34},"end":{"line":22,"column":35}},"loc":{"start":{"line":22,"column":55},"end":{"line":30,"column":3}},"line":22},"8":{"name":"(anonymous_8)","decl":{"start":{"line":23,"column":60},"end":{"line":23,"column":61}},"loc":{"start":{"line":23,"column":77},"end":{"line":29,"column":5}},"line":23},"9":{"name":"(anonymous_9)","decl":{"start":{"line":31,"column":10},"end":{"line":31,"column":11}},"loc":{"start":{"line":31,"column":20},"end":{"line":40,"column":4}},"line":31},"10":{"name":"(anonymous_10)","decl":{"start":{"line":31,"column":32},"end":{"line":31,"column":33}},"loc":{"start":{"line":31,"column":53},"end":{"line":40,"column":3}},"line":31},"11":{"name":"(anonymous_11)","decl":{"start":{"line":33,"column":74},"end":{"line":33,"column":75}},"loc":{"start":{"line":33,"column":91},"end":{"line":39,"column":5}},"line":33},"12":{"name":"(anonymous_12)","decl":{"start":{"line":41,"column":10},"end":{"line":41,"column":11}},"loc":{"start":{"line":41,"column":24},"end":{"line":51,"column":4}},"line":41},"13":{"name":"(anonymous_13)","decl":{"start":{"line":41,"column":36},"end":{"line":41,"column":37}},"loc":{"start":{"line":41,"column":57},"end":{"line":51,"column":3}},"line":41},"14":{"name":"(anonymous_14)","decl":{"start":{"line":43,"column":81},"end":{"line":43,"column":82}},"loc":{"start":{"line":43,"column":98},"end":{"line":50,"column":5}},"line":43},"15":{"name":"(anonymous_15)","decl":{"start":{"line":52,"column":11},"end":{"line":52,"column":12}},"loc":{"start":{"line":52,"column":19},"end":{"line":60,"column":4}},"line":52},"16":{"name":"(anonymous_16)","decl":{"start":{"line":52,"column":31},"end":{"line":52,"column":32}},"loc":{"start":{"line":52,"column":52},"end":{"line":60,"column":3}},"line":52},"17":{"name":"(
[...]
],"line":44},"5":{"loc":{"start":{"line":54,"column":6},"end":{"line":58,"column":7}},"type":"if","locations":[{"start":{"line":54,"column":6},"end":{"line":58,"column":7}},{"start":{"line":54,"column":6},"end":{"line":58,"column":7}}],"line":54}},"s":{"0":1,"1":1,"2":1,"3":1,"4":1,"5":0,"6":1,"7":1,"8":1,"9":1,"10":0,"11":1,"12":1,"13":1,"14":1,"15":0,"16":1,"17":1,"18":1,"19":1,"20":1,"21":0,"22":1,"23":1,"24":1,"25":1,"26":1,"27":0,"28":1,"29":1,"30":1,"31":1,"32":0,"33":1,"34":1},"f":{"0":1,"1":1,"2":1,"3":1,"4":1,"5":1,"6":1,"7":1,"8":1,"9":1,"10":1,"11":1,"12":1,"13":1,"14":1,"15":1,"16":1,"17":1},"b":{"0":[0,1],"1":[0,1],"2":[0,1],"3":[0,1],"4":[0,1],"5":[0,1]},"_coverageSchema":"1a1c01bbd47fc00a2c39e90264f33305004495a9","hash":"5ab5d6d7cb026e7bf283f646fbcbaba0205dff64","contentHash":"3311d56176018ea75befcc4aa84541050ab6f4e321446d173871ee38c5b20fd0"},"A:\\Fazztrack\\week12\\src\\routers\\detailtransaksi.js":{"path":"A:\\Fazztrack\\week12\\src\\routers\\detailtransaksi.js","statementMap":{"0":{"start":{"line":1,"column":16},"end":{"line":1,"column":34}},"1":{"start":{"line":2,"column":22},"end":{"line":2,"column":63}},"2":{"start":{"line":4,"column":23},"end":{"line":4,"column":59}},"3":{"start":{"line":6,"column":24},"end":{"line":6,"column":40}},"4":{"start":{"line":8,"column":0},"end":{"line":9,"column":54}},"5":{"start":{"line":11,"column":0},"end":{"line":11,"column":33}}},"fnMap":{},"branchMap":{},"s":{"0":1,"1":1,"2":1,"3":1,"4":1,"5":1},"f":{},"b":{},"_coverageSchema":"1a1c01bbd47fc00a2c39e90264f33305004495a9","hash":"18641d958b8e111c0748bfa42894e00f6fdf334e","contentHash":"f82dab044a73fe9e83af398501462fe6dc40c14a71a170aead43182ff86f3813"},"A:\\Fazztrack\\week12\\src\\controllers\\detailtransaksi.js":{"path":"A:\\Fazztrack\\week12\\src\\controllers\\detailtransaksi.js","statementMap":{"0":{"start":{"line":1,"column":28},"end":{"line":1,"column":58}},"1":{"start":{"line":2,"column":29},"end":{"line":2,"column":70}},"2":{"start":{"line":3,"column":10},"end":{"line":3,"column":27}},"3":{"start":{"line":4,"column":20},"end":{"line":4,"column":47}},"4":{"start":{"line":5,"column":14},"end":{"line":5,"column":30}},"5":{"start":{"line":6,"column":15},"end":{"line":9,"column":2}},"6":{"start":{"line":10,"column":24},"end":{"line":26,"column":1}},"7":{"start":{"line":12,"column":4},"end":{"line":24,"column":5}},"8":{"start":{"line":13,"column":21},"end":{"line":13,"column":31}},"9":{"start":{"line":14,"column":6},"end":{"line":21,"column":11}},"10":{"start":{"line":17,"column":10},"end":{"line":17,"column":59}},"11":{"start":{"line":20,"column":10},"end":{"line":20,"column":32}},"12":{"start":{"line":23,"column":6},"end":{"line":23,"column":30}},"13":{"start":{"line":28,"column":0},"end":{"line":28,"column":33}}},"fnMap":{"0":{"name":"(anonymous_0)","decl":{"start":{"line":11,"column":14},"end":{"line":11,"column":15}},"loc":{"start":{"line":11,"column":28},"end":{"line":25,"column":3}},"line":11},"1":{"name":"(anonymous_1)","decl":{"start":{"line":16,"column":14},"end":{"line":16,"column":15}},"loc":{"start":{"line":16,"column":26},"end":{"line":18,"column":9}},"line":16},"2":{"name":"(anonymous_2)","decl":{"start":{"line":19,"column":15},"end":{"line":19,"column":16}},"loc":{"start":{"line":19,"column":24},"end":{"line":21,"column":9}},"line":19}},"branchMap":{},"s":{"0":1,"1":1,"2":1,"3":1,"4":1,"5":1,"6":1,"7":1,"8":1,"9":1,"10":1,"11":0,"12":0,"13":1},"f":{"0":1,"1":1,"2":0},"b":{},"_coverageSchema":"1a1c01bbd47fc00a2c39e90264f33305004495a9","hash":"0d5f5beaf5fc25ca33e9fdaa02584567b3f0c814","contentHash":"61fca5a74b792330b5d92b09970d33a483d80ed6b86a8ec3a31b30101436967f"},"A:\\Fazztrack\\week12\\src\\models\\detailtransaksimodel.js":{"path":"A:\\Fazztrack\\week12\\src\\models\\detailtransaksimodel.js","statementMap":{"0":{"start":{"line":1,"column":11},"end":{"line":1,"column":34}},"1":{"start":{"line":3,"column":29},"end":{"line":22,"column":1}},"2":{"start":{"line":5,"column":4},"end":{"line":21,"column":6}},"3":{"start":{"line":6,"column":6},"end":{"line":20,"column":8}},"4":{"start":{"line":13,"column":10},"end":{"line":18,"column":11}},"5":{"start":{"line":15,"column":12},"end":{"line":15,"column":24}},"6":{"start":{"line":17,"column":12},"end":{"line":17,"column":28}},"7":{"start":{"line":23,"column":0},"end":{"line":23,"column":38}}},"fnMap":{"0":{"name":"(anonymous_0)","decl":{"start":{"line":4,"column":14},"end":{"line":4,"column":15}},"loc":{"start":{"line":5,"column":4},"end":{"line":21,"column":6}},"line":5},"1":{"name":"(anonymous_1)","decl":{"start":{"line":5,"column":16},"end":{"line":5,"column":17}},"loc":{"start":{"line":5,"column":37},"end":{"line":21,"column":5}},"line":5},"2":{"name":"(anonymous_2)","decl":{"start":{"line":12,"column":8},"end":{"line":12,"column":9}},"loc":{"start":{"line":12,"column":25},"end":{"line":19,"column":9}},"line":12}},"branchMap":{"0":{"loc":{"start":{"line":13,"column":10},"end":{"line":18,"column":11}},"type":"if","locations":[{"start":{"line":13,"column":10},"end":{"line":18,"column":11}},{"start":{"line":13,"column":10},"end":{"line":18,"column":11}}],"line":13}},"s":{"0":1,"1":1,"2":1,"3":1,"4":1,"5":0,"6":1,"7":1},"f":{"0":1,"1":1,"2":1},"b":{"0":[0,1]},"_coverageSchema":"1a1c01bbd47fc00a2c39e90264f33305004495a9","hash":"5cfcb4e75d5e3049e4079de8a5d41f8741b4d4cc","contentHash":"ac100811bb3480c6271437d69273eb0c82a80896f04be4f62c9dca8fc86e9aa6"},"A:\\Fazztrack\\week12\\src\\routers\\mastertransaksi.js":{"path":"A:\\Fazztrack\\week12\\src\\routers\\mastertransaksi.js","statementMap":{"0":{"start":{"line":1,"column":16},"end":{"line":1,"column":34}},"1":{"start":{"line":2,"column":40},"end":{"line":2,"column":84}},"2":{"start":{"line":4,"column":23},"end":{"line":4,"column":59}},"3":{"start":{"line":5,"column":22},"end":{"line":5,"column":57}},"4":{"start":{"line":7,"column":24},"end":{"line":7,"column":40}},"5":{"start":{"line":9,"column":0},"end":{"line":12,"column":38}},"6":{"start":{"line":14,"column":0},"end":{"line":14,"column":33}}},"fnMap":{},"branchMap":{},"s":{"0":1,"1":1,"2":1,"3":1,"4":1,"5":1,"6":1},"f":{},"b":{},"_coverageSchema":"1a1c01bbd47fc00a2c39e90264f33305004495a9","hash":"f245bad3301af9386f1abf8b1d7a59668f741ea0","contentHash":"6aa1d5d945064fd85ffee6ea377cd553fe4e6ab7ddc33c182bf6fcfd0f3cfcc0"},"A:\\Fazztrack\\week12\\src\\controllers\\mastertransaksi.js":{"path":"A:\\Fazztrack\\week12\\src\\controllers\\mastertransaksi.js","statementMap":{"0":{"start":{"line":1,"column":29},"end":{"line":1,"column":70}},"1":{"start":{"line":2,"column":28},"end":{"line":2,"column":58}},"2":{"start":{"line":3,"column":10},"end":{"line":3,"column":27}},"3":{"start":{"line":4,"column":20},"end":{"line":4,"column":47}},"4":{"start":{"line":5,"column":14},"end":{"line":5,"column":30}},"5":{"start":{"line":6,"column":15},"end":{"line":9,"column":2}},"6":{"start":{"line":10,"column":24},"end":{"line":92,"column":1}},"7":{"start":{"line":12,"column":4},"end":{"line":56,"column":5}},"8":{"start":{"line":13,"column":24},"end":{"line":13,"column":27}},"9":{"start":{"line":14,"column":21},"end":{"line":14,"column":67}},"10":{"start":{"line":15,"column":20},"end":{"line":15,"column":74}},"11":{"start":{"line":16,"column":23},"end":{"line":16,"column":68}},"12":{"start":{"line":17,"column":20},"end":{"line":17,"column":64}},"13":{"start":{"line":18,"column":19},"end":{"line":18,"column":60}},"14":{"start":{"line":19,"column":21},"end":{"line":19,"column":56}},"15":{"start":{"line":20,"column":6},"end":{"line":53,"column":9}},"16":{"start":{"line":21,"column":8},"end":{"line":52,"column":9}},"17":{"start":{"line":22,"column":10},"end":{"line":22,"column":32}},"18":{"start":{"line":23,"column":15},"end":{"line":52,"column":9}},"19":{"start":{"line":24,"column":10},"end":{"line":40,"column":15}},"20":{"start":{"line":27,"column":30},"end":{"line":27,"column":69}},"21":{"start":{"line":28,"column":31},"end":{"line":34,"column":15}},"22":{"start":{"line":35,"column":14},"end":{"line":35,"column":66}},"23":{"start":{"line":36,"column":14},"end":{"line":36,"column":61}},"24":{"start":{"line":39,"column":14},"end":{"line":39,"column":36}},"25":{"start":{"line":42,"column":27},"end":{"line":42,"column":45}},"26":{"start":{"line":43,"column":29},"end":{"line":45,"column":11}},"27":{"start":{"line":44,"column":12},"end":{"line":44,"column":37}},"28":{"start":{"line":46,"column":28},"end":{"line":46,"column":71}},"29":{"start":{"line":47,"column":25},"end":{"line":50,"column":11}},"30":{"start":{"line":51,"column":10},"end":{"line":51,"column":42}},"31":{"start":{"line":55,"column":6},"end":{"line":55,"column":30}},"32":{"start":{"line":59,"column":6},"end":{"line":72,"column":7}},"33":{"start":{"line":60,"column":19},"end":{"line":60,"column":29}},"34":{"start":{"line":62,"column":8},"end":{"line":69,"column":13}},"35":{"start":{"line":65,"column":12},"end":{"line":65,"column":56}},"36":{"start":{"line":68,"column":12},"end":{"line":68,"column":46}},"37":{"start":{"line":71,"column":8},"end":{"line":71,"column":44}},"38":{"start":{"line":75,"column":6},"end":{"line":90,"column":7}},"39":{"start":{"line":76,"column":25},"end":{"line":76,"column":28}},"40":{"start":{"line":77,"column":19},"end":{"line":77,"column":29}},"41":{"start":{"line":78,"column":8},"end":{"line":86,"column":13}},"42":{"start":{"line":81,"column":12},"end":{"line":81,"column":34}},"43":{"start":{"line":82,"column":12},"end":{"line":82,"column":63}},"44":{"start":{"line":85,"column":12},"end":{"line":85,"column":46}},"45":{"start":{"line":88,"column":8},"end":{"line":88,"column":44}},"46":{"start":{"line":94,"column":0},"end":{"line":94,"column":33}}},"fnMap":{"0":{"name":"(anonymous_0)","decl":{"start":{"line":11,"column":11},"end":{"line":11,"column":12}},"loc":{"start":{"line":11,"column":25},"end":{"line":57,"column":3}},"line":11},"1":{"name":"(anonymous_1)","decl":{"start":{"line":20,"column":28},"end":{"line":20,"column":29}},"loc":{"start":{"line":20,"column":45},"end":{"line":53,"column":7}},"line":20},"2":{"name":"(anonymous_2)","decl":{"start":{"line":26,"column":18},"end":{"line":26,"column":19}},"loc":{"start":{"line":26,"column":34},"end":{"line":37,"column":13}},"line":26},"3":{"name":"(anonymous_3)","decl":{"start":{"line":38,"column":19},"end":{"line":38,"column":20}},"loc":{"start":{"line":38,"column":28},"end":{"line":40,"column":13}},"line":38},"4":{"name":"(anonymous_4)","decl":{"start":{"line":43,"column":48},"end":{"line":43,"column":49}},"loc":{"start":{"line":44,"column":12},"end":{"line":44,"column":37}},"line":44},"5":{"name":"(anonymous_5)","decl":{"start":{"line":58,"column":16},"end":{"line":58,"column":17}},"loc":{"start":{"line":58,"column":30},"end":{"line":73,"column":5}},"line":58},"6":{"name":"(anonymous_6)","decl":{"start":{"line":64,"column":16},"end":{"line":64,"column":17}},"loc":{"start":{"line":64,"column":28},"end":{"line":66,"column":11}},"line":64},"7":{"name":"(anonymous_7)","decl":{"start":{"line":67,"column":17},"end":{"line":67,"column":18}},"loc":{"start":{"line":67,"column":26},"end":{"line":69,"column":11}},"line":67},"8":{"name":"(anonymous_8)","decl":{"start":{"line":74,"column":12},"end":{"line":74,"column":13}},"loc":{"start":{"line":74,"column":26},"end":{"line":91,"column":5}},"line":74},"9":{"name":"(anonymous_9)","decl":{"start":{"line":80,"column":16},"end":{"line":80,"column":17}},"loc":{"start":{"line":80,"column":28},"end":{"line":83,"column":11}},"line":80},"10":{"name":"(anonymous_10)","decl":{"start":{"line":84,"column":17},"end":{"line":84,"column":18}},"loc":{"start":{"line":84,"column":26},"end":{"line":86,"column":11}},"line":84}},"branchMap":{"0":{"loc":{"start":{"line":14,"column":21},"end":{"line":14,"column":67}},"type":"cond-expr","locations":[{"start":{"line":14,"column":50},"end":{"line":14,"column":52}},{"start":{"line":14,"column":55},"end":{"line":14,"column":67}}],"line":14},"1":{"loc":{"start":{"line":15,"column":20},"end":{"line":15,"column":74}},"type":"cond-expr","locations":[{"start":{"line":15,"column":48},"end":{"line":15,"column":60}},{"start":{"line":15,"column":63},"end":{"line":15,"column":74}}],"line":15},"2":{"loc":{"start":{"line":16,"column":23},"end":{"line":16,"column":68}},"type":"cond-expr","locations":[{"start":{"line":16,"column":50},"end":{"line":16,"column":55}},{"start":{"line":16,"column":58},"end":{"line":16,"column":68}}],"line":16},"3":{"loc":{"start":{"line":17,"column":20},"end":{"line":17,"column":64}},"type":"cond-expr","locations":[{"start":{"line":17,"column":48},"end":{"line":17,"column":50}},{"start":{"line":17,"column":53},"end":{"line":17,"column":64}}],"line":17},"4":{"loc":{"start":{"line":18,"column":19},"end":{"line":18,"column":60}},"type":"cond-expr","locations":[{"start":{"line":18,"column":46},"end":{"line":18,"column":47}},{"start":{"line":18,"column":50},"end":{"line":18,"column":60}}],"line":18},"5":{"loc":{"start":{"line":19,"column":21},"end":{"line":19,"column":56}},"type":"cond-expr","locations":[{"start":{"line":19,"column":34},"end":{"line":19,"column":35}},{"start":{"line":19,"column":38},"end":{"line":19,"column":56}}],"line":19},"6":{"loc":{"start":{"line":21,"column":8},"end":{"line":52,"column":9}},"type":"if","locations":[{"start":{"line":21,"column":8},"end":{"line":52,"column":9}},{"start":{"line":21,"column":8},"end":{"line":52,"column":9}}],"line":21},"7":{"loc":{"start":{"line":23,"column":15},"end":{"line":52,"column":9}},"type":"if","locations":[{"start":{"line":23,"column":15},"end":{"line":52,"column":9}},{"start":{"line":23,"column":15},"end":{"line":52,"column":9}}],"line":23}},"s":{"0":1,"1":1,"2":1,"3":1,"4":1,"5":1,"6":1,"7":1,"8":1,"9":1,"10":1,"11":1,"12":1,"13":1,"14":1,"15":1,"16":1,"17":0,"18":1,"19":1,"20":1,"21":1,"22":1,"23":1,"24":0,"25":0,"26":0,"27":0,"28":0,"29":0,"30":0,"31":0,"32":1,"33":1,"34":1,"35":1,"36":0,"37":0,"38":2,"39":2,"40":2,"41":2,"42":1,"43":1,"44":1,"45":0,"46":1},"f":{"0":1,"1":1,"2":1,"3":0,"4":0,"5":1,"6":1,"7":0,"8":2,"9":1,"10":1},"b":{"0":[1,0],"1":[1,0],"2":[1,0],"3":[1,0],"4":[1,0],"5":[1,0],"6":[0,1],"7":[1,0]},"_coverageSchema":"1a1c01bbd47fc00a2c39e90264f33305004495a9","hash":"64e084b131ebf978681124287bef4cb7bf2c13b8","contentHash":"8c3f994aa1240cd40e550dda7b574bf2443d4af1bc0bae4fe3d0f842c1f0194b"},"A:\\Fazztrack\\week12\\src\\models\\mastertransaksimodel.js":{"path":"A:\\Fazztrack\\week12\\src\\models\\mastertransaksimodel.js","statementMap":{"0":{"start":{"line":1,"column":11},"end":{"line":1,"column":34}},"1":{"start":{"line":3,"column":29},"end":{"line":74,"column":3}},"2":{"start":{"line":5,"column":4},"end":{"line":19,"column":6}},"3":{"start":{"line":6,"column":6},"end":{"line":18,"column":8}},"4":{"start":{"line":12,"column":10},"end":{"line":16,"column":11}},"5":{"start":{"line":13,"column":12},"end":{"line":13,"column":24}},"6":{"start":{"line":15,"column":12},"end":{"line":15,"column":28}},"7":{"start":{"line":21,"column":4},"end":{"line":36,"column":6}},"8":{"start":{"line":22,"column":6},"end":{"line":35,"column":8}},"9":{"start":{"line":29,"column":10},"end":{"line":33,"column":11}},"10":{"start":{"line":30,"column":12},"end":{"line":30,"column":24}},"11":{"start":{"line":32,"column":12},"end":{"line":32,"column":28}},"12":{"start":{"line":38,"column":6},"end":{"line":52,"column":10}},"13":{"start":{"line":39,"column":8},"end":{"line":51,"column":12}},"14":{"start":{"line":45,"column":14},"end":{"line":49,"column":15}},"15":{"start":{"line":46,"column":16},"end":{"line":46,"column":28}},"16":{"start":{"line":48,"column":16},"end":{"line":48,"column":32}},"17":{"start":{"line":54,"column":8},"end":{"line":73,"column":10}},"18":{"start":{"line":55,"column":84},"end":{"line":55,"column":88}},"19":{"start":{"line":56,"column":10},"end":{"line":72,"column":12}},"20":{"start":{"line":60,"column":14},"end":{"line":70,"column":15}},"21":{"start":{"line":61,"column":16},"end":{"line":61,"column":28}},"22":{"start":{"line":63,"column":16},"end":{"line":68,"column":18}},"23":{"start":{"line":64,"column":18},"end":{"line":67,"column":20}},"24":{"start":{"line":69,"column":16},"end":{"line":69,"column":31}},"25":{"start":{"line":76,"column":2},"end":{"line":76,"column":40}}},"fnMap":{"0":{"name":"(anonymous_0)","decl":{"start":{"line":4,"column":14},"end":{"line":4,"column":15}},"loc":{"start":{"line":5,"column":4},"end":{"line":19,"column":6}},"line":5},"1":{"name":"(anonymous_1)","decl":{"start":{"line":5,"column":16},"end":{"line":5,"column":17}},"loc":{"start":{"line":5,"column":37},"end":{"line":19,"column":5}},"line":5},"2":{"name":"(anonymous_2)","decl":{"start":{"line":11,"column":8},"end":{"line":11,"column":9}},"loc":{"start":{"line":11,"column":25},"end":{"line":17,"column":9}},"line":11},"3":{"name":"(anonymous_3)","decl":{"start":{"line":20,"column":11},"end":{"line":20,"column":12}},"loc":{"start":{"line":21,"column":4},"end":{"line":36,"column":6}},"line":21},"4":{"name":"(anonymous_4)","decl":{"start":{"line":21,"column":16},"end":{"line":21,"column":17}},"loc":{"start":{"line":21,"column":37},"end":{"line":36,"column":5}},"line":21},"5":{"name":"(anonymous_5)","decl":{"start":{"line":28,"column":8},"end":{"line":28,"column":9}},"loc":{"start":{"line":28,"column":25},"end":{"line":34,"column":9}},"line":28},"6":{"name":"(anonymous_6)","decl":{"start":{"line":37,"column":16},"end":{"line":37,"column":17}},"loc":{"start":{"line":38,"column":6},"end":{"line":52,"column":10}},"line":38},"7":{"name":"(anonymous_7)","decl":{"start":{"line":38,"column":18},"end":{"line":38,"column":19}},"loc":{"start":{"line":38,"column":39},"end":{"line":52,"column":9}},"line":38},"8":{"name":"(anonymous_8)","decl":{"start":{"line":44,"column":12},"end":{"line":44,"column":13}},"loc":{"start":{"line":44,"column":29},"end":{"line":50,"column":13}},"line":44},"9":{"name":"(anonymous_9)","decl":{"start":{"line":53,"column":14},"end":{"line":53,"column":15}},"loc":{"start":{"line":54,"column":8},"end":{"line":73,"column":10}},"line":54},"10":{"name":"(anonymous_10)","decl":{"start":{"line":54,"column":20},"end":{"line":54,"column":21}},"loc":{"start":{"line":54,"column":41},"end":{"line":73,"column":9}},"line":54},"11":{"name":"(anonymous_11)","decl":{"start":{"line":59,"column":12},"end":{"line":59,"column":13}},"loc":{"start":{"line":59,"column":29},"end":{"line":71,"column":13}},"line":59},"12":{"name":"(anonymous_12)","decl":{"start":{"line":63,"column":28},"end":{"line":63,"column":29}},"loc":{"start":{"line":63,"column":33},"end":{"line":68,"column":17}},"line":63}},"branchMap":{"0":{"loc":{"start":{"line":12,"column":10},"end":{"line":16,"column":11}},"type":"if","locations":[{"start":{"line":12,"column":10},"end":{"line":16,"column":11}},{"start":{"line":12,"column":10},"end":{"line":16,"column":11}}],"line":12},"1":{"loc":{"start":{"line":29,"column":10},"end":{"line":33,"column":11}},"type":"if","locations":[{"start":{"line":29,"column":10},"end":{"line":33,"column":11}},{"start":{"line":29,"column":10},"end":{"line":33,"column":11}}],"line":29},"2":{"loc":{"start":{"line":45,"column":14},"end":{"line":49,"column":15}},"type":"if","locations":[{"start":{"line":45,"column":14},"end":{"line":49,"column":15}},{"start":{"line":45,"column":14},"end":{"line":49,"column":15}}],"line":45},"3":{"loc":{"start":{"line":60,"column":14},"end":{"line":70,"column":15}},"type":"if","locations":[{"start":{"line":60,"column":14},"end":{"line":70,"column":15}},{"start":{"line":60,"column":14},"end":{"line":70,"column":15}}],"line":60}},"s":{"0":1,"1":1,"2":1,"3":1,"4":1,"5":0,"6":1,"7":1,"8":1,"9":1,"10":0,"11":1,"12":1,"13":1,"14":1,"15":0,"16":1,"17":2,"18":2,"19":2,"20":2,"21":1,"22":1,"23":2,"24":1,"25":1},"f":{"0":1,"1":1,"2":1,"3":1,"4":1,"5":1,"6":1,"7":1,"8":1,"9":2,"10":2,"11":2,"12":2},"b":{"0":[0,1],"1":[0,1],"2":[0,1],"3":[1,1]},"_coverageSchema":"1a1c01bbd47fc00a2c39e90264f33305004495a9","hash":"673cb4bbdc92b8211aff141e6116f8ef5024faa8","contentHash":"cec3fc3134ab4f05ab50bfa45edb79e6a5aa81794c8a201bc35df602664f33b9"}}